#
# A fatal error has been detected by the Java Runtime Environment:
#
#  EXCEPTION_UNCAUGHT_CXX_EXCEPTION (0xe06d7363) at pc=0x00007ffc36d81f28, pid=10696, tid=10400
#
# JRE version: Java(TM) SE Runtime Environment (8.0_40-b26) (build 1.8.0_40-b26)
# Java VM: Java HotSpot(TM) 64-Bit Server VM (25.40-b25 mixed mode windows-amd64 compressed oops)
# Problematic frame:
# C  [KERNELBASE.dll+0x71f28]
#
# Failed to write core dump. Minidumps are not enabled by default on client versions of Windows
#
# If you would like to submit a bug report, please visit:
#   http://bugreport.java.com/bugreport/crash.jsp
# The crash happened outside the Java Virtual Machine in native code.
# See problematic frame for where to report the bug.
#

---------------  T H R E A D  ---------------

Current thread (0x0000000002db3000):  JavaThread "main" [_thread_in_native, id=10400, stack(0x0000000002c20000,0x0000000002d20000)]

siginfo: ExceptionCode=0xe06d7363, ExceptionInformation=0x0000000019930520 0x0000000002d0dfd0 0x00007ffc0b479fc0 0x00007ffc0b230000 

Registers:
RAX=0x0000000117b87658, RBX=0x00007ffc0b479fc0, RCX=0x0000000017579c68, RDX=0x000000001777ebc8
RSP=0x0000000002d0de40, RBP=0x0000000002d0df80, RSI=0x00007ffc0a6e5a80, RDI=0x0000000002d0dfd0
R8 =0x0000000017579c68, R9 =0x0000000017784988, R10=0x000000001777f800, R11=0x000000001774a7a0
R12=0x00000000fffffffe, R13=0x0000000000000000, R14=0x00007ffc0a6e5a68, R15=0x0000000002d1e1a0
RIP=0x00007ffc36d81f28, EFLAGS=0x0000000000000206

Top of Stack: (sp=0x0000000002d0de40)
0x0000000002d0de40:   00000000177ed7b0 00007ffc0b479fc0
0x0000000002d0de50:   00007ffc0a6e5a80 0000000002d0dfd0
0x0000000002d0de60:   00000001e06d7363 0000000000000000
0x0000000002d0de70:   00007ffc36d81f28 0000000000000004
0x0000000002d0de80:   0000000019930520 0000000002d0dfd0
0x0000000002d0de90:   00007ffc0b479fc0 00007ffc0b230000
0x0000000002d0dea0:   00000000fffffffe 0000000002d0dfd0
0x0000000002d0deb0:   00007ffc0a6e5a80 0000000002d0df90
0x0000000002d0dec0:   0000000002d0df80 00007ffc39b5782f
0x0000000002d0ded0:   0000000000000000 00007ffc00000000
0x0000000002d0dee0:   0000000002d0dfd0 00007ffc31fad306
0x0000000002d0def0:   00007ffc0b499000 00007ffc0b230000
0x0000000002d0df00:   00001f0ad884d89c 00007ffc3202c4d0
0x0000000002d0df10:   00007ffc0b479fc0 00007ffc31faef63
0x0000000002d0df20:   0000000002d0dfd0 00007ffc31f7eb8d
0x0000000002d0df30:   00007ffc3202c4d0 00007ffc0a6e5a80 

Instructions: (pc=0x00007ffc36d81f28)
0x00007ffc36d81f08:   49 8b d1 44 0f 47 c0 44 89 44 24 38 49 c1 e0 03
0x00007ffc36d81f18:   e8 27 b2 00 00 48 8d 4c 24 20 ff 15 c8 a7 05 00
0x00007ffc36d81f28:   48 8b 8c 24 c0 00 00 00 48 33 cc e8 98 7a 00 00
0x00007ffc36d81f38:   48 81 c4 d8 00 00 00 c3 83 64 24 38 00 eb d6 cc 


Register to memory mapping:

RAX=0x0000000117b87658 is an unknown value
RBX=0x00007ffc0b479fc0 is an unknown value
RCX=0x0000000017579c68 is pointing into metadata
RDX=0x000000001777ebc8 is pointing into metadata
RSP=0x0000000002d0de40 is pointing into the stack for thread: 0x0000000002db3000
RBP=0x0000000002d0df80 is pointing into the stack for thread: 0x0000000002db3000
RSI=0x00007ffc0a6e5a80 is an unknown value
RDI=0x0000000002d0dfd0 is pointing into the stack for thread: 0x0000000002db3000
R8 =0x0000000017579c68 is pointing into metadata
R9 =0x0000000017784988 is pointing into metadata
R10=0x000000001777f800 is pointing into metadata
R11=0x000000001774a7a0 is pointing into metadata
R12=0x00000000fffffffe is an unallocated location in the heap
R13=0x0000000000000000 is an unknown value
R14=0x00007ffc0a6e5a68 is an unknown value
R15=0x0000000002d1e1a0 is pointing into the stack for thread: 0x0000000002db3000


Stack: [0x0000000002c20000,0x0000000002d20000],  sp=0x0000000002d0de40,  free space=951k
Native frames: (J=compiled Java code, j=interpreted, Vv=VM code, C=native code)
C  [KERNELBASE.dll+0x71f28]
C  [msvcr120.dll+0x5ef63]
C  [opencv_core300.dll+0x18cb74]
C  [opencv_core300.dll+0x18ccb6]
C  [opencv_imgcodecs300.dll+0x14ffb]
C  [opencv_imgcodecs300.dll+0x17dbd]
C  [jniopencv_imgcodecs.dll+0x898d]
C  0x0000000002ec5e34

Java frames: (J=compiled Java code, j=interpreted, Vv=VM code)
j  org.bytedeco.javacpp.opencv_imgcodecs.cvSaveImage(Ljava/lang/String;Lorg/bytedeco/javacpp/helper/opencv_core$CvArr;)I+0
j  BasicTesseractExampleTest.downScaleImage(Lorg/bytedeco/javacpp/opencv_core$IplImage;I)Lorg/bytedeco/javacpp/opencv_core$IplImage;+161
j  BasicTesseractExampleTest.givenTessBaseApi_whenImageOcrd_thenTextDisplayed()V+76
v  ~StubRoutines::call_stub
j  sun.reflect.NativeMethodAccessorImpl.invoke0(Ljava/lang/reflect/Method;Ljava/lang/Object;[Ljava/lang/Object;)Ljava/lang/Object;+0
j  sun.reflect.NativeMethodAccessorImpl.invoke(Ljava/lang/Object;[Ljava/lang/Object;)Ljava/lang/Object;+100
j  sun.reflect.DelegatingMethodAccessorImpl.invoke(Ljava/lang/Object;[Ljava/lang/Object;)Ljava/lang/Object;+6
j  java.lang.reflect.Method.invoke(Ljava/lang/Object;[Ljava/lang/Object;)Ljava/lang/Object;+56
j  org.junit.runners.model.FrameworkMethod$1.runReflectiveCall()Ljava/lang/Object;+15
j  org.junit.internal.runners.model.ReflectiveCallable.run()Ljava/lang/Object;+1
j  org.junit.runners.model.FrameworkMethod.invokeExplosively(Ljava/lang/Object;[Ljava/lang/Object;)Ljava/lang/Object;+10
j  org.junit.internal.runners.statements.InvokeMethod.evaluate()V+12
j  org.junit.runners.ParentRunner.runLeaf(Lorg/junit/runners/model/Statement;Lorg/junit/runner/Description;Lorg/junit/runner/notification/RunNotifier;)V+17
j  org.junit.runners.BlockJUnit4ClassRunner.runChild(Lorg/junit/runners/model/FrameworkMethod;Lorg/junit/runner/notification/RunNotifier;)V+32
j  org.junit.runners.BlockJUnit4ClassRunner.runChild(Ljava/lang/Object;Lorg/junit/runner/notification/RunNotifier;)V+6
j  org.junit.runners.ParentRunner$3.run()V+12
j  org.junit.runners.ParentRunner$1.schedule(Ljava/lang/Runnable;)V+1
j  org.junit.runners.ParentRunner.runChildren(Lorg/junit/runner/notification/RunNotifier;)V+40
j  org.junit.runners.ParentRunner.access$000(Lorg/junit/runners/ParentRunner;Lorg/junit/runner/notification/RunNotifier;)V+2
j  org.junit.runners.ParentRunner$2.evaluate()V+8
j  org.junit.runners.ParentRunner.run(Lorg/junit/runner/notification/RunNotifier;)V+20
j  org.eclipse.jdt.internal.junit4.runner.JUnit4TestReference.run(Lorg/eclipse/jdt/internal/junit/runner/TestExecution;)V+72
j  org.eclipse.jdt.internal.junit.runner.TestExecution.run([Lorg/eclipse/jdt/internal/junit/runner/ITestReference;)V+17
j  org.eclipse.jdt.internal.junit.runner.RemoteTestRunner.runTests([Ljava/lang/String;Ljava/lang/String;Lorg/eclipse/jdt/internal/junit/runner/TestExecution;)V+61
j  org.eclipse.jdt.internal.junit.runner.RemoteTestRunner.runTests(Lorg/eclipse/jdt/internal/junit/runner/TestExecution;)V+10
j  org.eclipse.jdt.internal.junit.runner.RemoteTestRunner.run()V+70
j  org.eclipse.jdt.internal.junit.runner.RemoteTestRunner.main([Ljava/lang/String;)V+14
v  ~StubRoutines::call_stub

---------------  P R O C E S S  ---------------

Java Threads: ( => current thread )
  0x000000001ab2a800 JavaThread "ReaderThread" [_thread_in_native, id=8052, stack(0x000000001b220000,0x000000001b320000)]
  0x0000000019e94000 JavaThread "Service Thread" daemon [_thread_blocked, id=9252, stack(0x000000001a820000,0x000000001a920000)]
  0x0000000019e67800 JavaThread "C1 CompilerThread3" daemon [_thread_blocked, id=392, stack(0x000000001a720000,0x000000001a820000)]
  0x0000000019e56800 JavaThread "C2 CompilerThread2" daemon [_thread_blocked, id=6864, stack(0x000000001a620000,0x000000001a720000)]
  0x0000000019e4e000 JavaThread "C2 CompilerThread1" daemon [_thread_blocked, id=4448, stack(0x000000001a520000,0x000000001a620000)]
  0x0000000019e4c000 JavaThread "C2 CompilerThread0" daemon [_thread_blocked, id=8864, stack(0x000000001a420000,0x000000001a520000)]
  0x0000000019e4a000 JavaThread "Attach Listener" daemon [_thread_blocked, id=8928, stack(0x000000001a320000,0x000000001a420000)]
  0x0000000019e49800 JavaThread "Signal Dispatcher" daemon [_thread_blocked, id=8888, stack(0x000000001a220000,0x000000001a320000)]
  0x0000000002eac000 JavaThread "Finalizer" daemon [_thread_blocked, id=8456, stack(0x0000000019d20000,0x0000000019e20000)]
  0x0000000017e4d000 JavaThread "Reference Handler" daemon [_thread_blocked, id=9544, stack(0x0000000019c20000,0x0000000019d20000)]
=>0x0000000002db3000 JavaThread "main" [_thread_in_native, id=10400, stack(0x0000000002c20000,0x0000000002d20000)]

Other Threads:
  0x0000000017e49000 VMThread [stack: 0x0000000019b20000,0x0000000019c20000] [id=9116]
  0x0000000019e95800 WatcherThread [stack: 0x000000001a920000,0x000000001aa20000] [id=6600]

VM state:not at safepoint (normal execution)

VM Mutex/Monitor currently owned by a thread: None

Heap:
 PSYoungGen      total 38400K, used 18858K [0x00000000d5d80000, 0x00000000d8800000, 0x0000000100000000)
  eden space 33280K, 50% used [0x00000000d5d80000,0x00000000d6de7be0,0x00000000d7e00000)
  from space 5120K, 40% used [0x00000000d7e00000,0x00000000d8002c40,0x00000000d8300000)
  to   space 5120K, 0% used [0x00000000d8300000,0x00000000d8300000,0x00000000d8800000)
 ParOldGen       total 87552K, used 8K [0x0000000081800000, 0x0000000086d80000, 0x00000000d5d80000)
  object space 87552K, 0% used [0x0000000081800000,0x0000000081802000,0x0000000086d80000)
 Metaspace       used 8226K, capacity 8544K, committed 8832K, reserved 1056768K
  class space    used 824K, capacity 850K, committed 896K, reserved 1048576K

Card table byte_map: [0x0000000012270000,0x0000000012670000] byte_map_base: 0x0000000011e64000

Marking Bits: (ParMarkBitMap*) 0x0000000055c64040
 Begin Bits: [0x0000000013120000, 0x00000000150c0000)
 End Bits:   [0x00000000150c0000, 0x0000000017060000)

Polling page: 0x0000000001050000

CodeCache: size=245760Kb used=3341Kb max_used=3345Kb free=242418Kb
 bounds [0x0000000002eb0000, 0x0000000003200000, 0x0000000011eb0000]
 total_blobs=1319 nmethods=681 adapters=551
 compilation: enabled

Compilation events (10 events):
Event: 9.829 Thread 0x0000000019e4c000  675       4       java.lang.String::substring (56 bytes)
Event: 9.835 Thread 0x0000000019e67800  677       3       java.util.ArrayDeque::add (7 bytes)
Event: 9.836 Thread 0x0000000019e67800 nmethod 677 0x00000000031eb690 code [0x00000000031eb800, 0x00000000031eb9a8]
Event: 9.836 Thread 0x0000000019e67800  678       3       java.util.ArrayDeque::addLast (53 bytes)
Event: 9.837 Thread 0x0000000019e67800 nmethod 678 0x00000000031f5710 code [0x00000000031f58a0, 0x00000000031f5cb8]
Event: 9.841 Thread 0x0000000019e4c000 nmethod 675 0x00000000031f4fd0 code [0x00000000031f5120, 0x00000000031f5498]
Event: 10.625 Thread 0x0000000019e67800  679   !   3       java.util.Collections$SynchronizedCollection::add (25 bytes)
Event: 10.626 Thread 0x0000000019e67800 nmethod 679 0x00000000031f4950 code [0x00000000031f4ac0, 0x00000000031f4e68]
Event: 10.626 Thread 0x0000000019e67800  680       3       java.lang.ClassLoader::checkPackageAccess (122 bytes)
Event: 10.628 Thread 0x0000000019e67800 nmethod 680 0x00000000031f6510 code [0x00000000031f6740, 0x00000000031f7328]

GC Heap History (2 events):
Event: 5.752 GC heap before
{Heap before GC invocations=1 (full 0):
 PSYoungGen      total 38400K, used 33280K [0x00000000d5d80000, 0x00000000d8800000, 0x0000000100000000)
  eden space 33280K, 100% used [0x00000000d5d80000,0x00000000d7e00000,0x00000000d7e00000)
  from space 5120K, 0% used [0x00000000d8300000,0x00000000d8300000,0x00000000d8800000)
  to   space 5120K, 0% used [0x00000000d7e00000,0x00000000d7e00000,0x00000000d8300000)
 ParOldGen       total 87552K, used 0K [0x0000000081800000, 0x0000000086d80000, 0x00000000d5d80000)
  object space 87552K, 0% used [0x0000000081800000,0x0000000081800000,0x0000000086d80000)
 Metaspace       used 6425K, capacity 6932K, committed 7168K, reserved 1056768K
  class space    used 627K, capacity 656K, committed 768K, reserved 1048576K
Event: 5.759 GC heap after
Heap after GC invocations=1 (full 0):
 PSYoungGen      total 38400K, used 2059K [0x00000000d5d80000, 0x00000000d8800000, 0x0000000100000000)
  eden space 33280K, 0% used [0x00000000d5d80000,0x00000000d5d80000,0x00000000d7e00000)
  from space 5120K, 40% used [0x00000000d7e00000,0x00000000d8002c40,0x00000000d8300000)
  to   space 5120K, 0% used [0x00000000d8300000,0x00000000d8300000,0x00000000d8800000)
 ParOldGen       total 87552K, used 8K [0x0000000081800000, 0x0000000086d80000, 0x00000000d5d80000)
  object space 87552K, 0% used [0x0000000081800000,0x0000000081802000,0x0000000086d80000)
 Metaspace       used 6425K, capacity 6932K, committed 7168K, reserved 1056768K
  class space    used 627K, capacity 656K, committed 768K, reserved 1048576K
}

Deoptimization events (5 events):
Event: 0.457 Thread 0x0000000002db3000 Uncommon trap: reason=unstable_if action=reinterpret pc=0x0000000002fdacb8 method=java.lang.String.hashCode()I @ 14
Event: 1.123 Thread 0x0000000002db3000 Uncommon trap: reason=unstable_if action=reinterpret pc=0x0000000003041adc method=sun.net.www.ParseUtil.encodePath(Ljava/lang/String;Z)Ljava/lang/String; @ 123
Event: 1.127 Thread 0x0000000002db3000 Uncommon trap: reason=unstable_if action=reinterpret pc=0x00000000030677d0 method=sun.misc.URLClassPath.getLoader(I)Lsun/misc/URLClassPath$Loader; @ 36
Event: 1.128 Thread 0x0000000002db3000 Uncommon trap: reason=unstable_if action=reinterpret pc=0x0000000003069ed8 method=sun.misc.URLClassPath.getLoader(I)Lsun/misc/URLClassPath$Loader; @ 36
Event: 1.270 Thread 0x0000000002db3000 Uncommon trap: reason=unstable_if action=reinterpret pc=0x00000000030b69a4 method=java.io.WinNTFileSystem.normalize(Ljava/lang/String;)Ljava/lang/String; @ 128

Internal exceptions (10 events):
Event: 0.447 Thread 0x0000000002db3000 Exception <a 'java/security/PrivilegedActionException'> (0x00000000d60d9a70) thrown at [D:\re\workspace\8-2-build-windows-amd64-cygwin\jdk8u40\3098\hotspot\src\share\vm\prims\jvm.cpp, line 1382]
Event: 0.447 Thread 0x0000000002db3000 Exception <a 'java/security/PrivilegedActionException'> (0x00000000d60d9c28) thrown at [D:\re\workspace\8-2-build-windows-amd64-cygwin\jdk8u40\3098\hotspot\src\share\vm\prims\jvm.cpp, line 1382]
Event: 0.448 Thread 0x0000000002db3000 Exception <a 'java/security/PrivilegedActionException'> (0x00000000d60db038) thrown at [D:\re\workspace\8-2-build-windows-amd64-cygwin\jdk8u40\3098\hotspot\src\share\vm\prims\jvm.cpp, line 1382]
Event: 0.448 Thread 0x0000000002db3000 Exception <a 'java/security/PrivilegedActionException'> (0x00000000d60db1f0) thrown at [D:\re\workspace\8-2-build-windows-amd64-cygwin\jdk8u40\3098\hotspot\src\share\vm\prims\jvm.cpp, line 1382]
Event: 0.448 Thread 0x0000000002db3000 Exception <a 'java/security/PrivilegedActionException'> (0x00000000d60dc478) thrown at [D:\re\workspace\8-2-build-windows-amd64-cygwin\jdk8u40\3098\hotspot\src\share\vm\prims\jvm.cpp, line 1382]
Event: 0.448 Thread 0x0000000002db3000 Exception <a 'java/security/PrivilegedActionException'> (0x00000000d60dc630) thrown at [D:\re\workspace\8-2-build-windows-amd64-cygwin\jdk8u40\3098\hotspot\src\share\vm\prims\jvm.cpp, line 1382]
Event: 1.129 Thread 0x0000000002db3000 Exception <a 'java/security/PrivilegedActionException'> (0x00000000d693d8b0) thrown at [D:\re\workspace\8-2-build-windows-amd64-cygwin\jdk8u40\3098\hotspot\src\share\vm\prims\jvm.cpp, line 1382]
Event: 1.129 Thread 0x0000000002db3000 Exception <a 'java/security/PrivilegedActionException'> (0x00000000d693dbf8) thrown at [D:\re\workspace\8-2-build-windows-amd64-cygwin\jdk8u40\3098\hotspot\src\share\vm\prims\jvm.cpp, line 1382]
Event: 1.131 Thread 0x0000000002db3000 Exception <a 'java/security/PrivilegedActionException'> (0x00000000d6941cb0) thrown at [D:\re\workspace\8-2-build-windows-amd64-cygwin\jdk8u40\3098\hotspot\src\share\vm\prims\jvm.cpp, line 1382]
Event: 1.131 Thread 0x0000000002db3000 Exception <a 'java/security/PrivilegedActionException'> (0x00000000d6941ff8) thrown at [D:\re\workspace\8-2-build-windows-amd64-cygwin\jdk8u40\3098\hotspot\src\share\vm\prims\jvm.cpp, line 1382]

Events (10 events):
Event: 9.826 loading class org/bytedeco/javacpp/opencv_imgproc$CvDistanceFunction
Event: 9.826 loading class org/bytedeco/javacpp/opencv_imgproc$CvDistanceFunction done
Event: 9.828 loading class org/bytedeco/javacpp/opencv_imgproc$CvLSHOperations
Event: 9.828 loading class org/bytedeco/javacpp/opencv_imgproc$CvLSHOperations done
Event: 9.829 loading class org/bytedeco/javacpp/opencv_imgproc$CvLSH
Event: 9.829 loading class org/bytedeco/javacpp/opencv_imgproc$CvLSH done
Event: 9.830 loading class org/bytedeco/javacpp/opencv_imgproc$CvFeatureTree
Event: 9.830 loading class org/bytedeco/javacpp/opencv_imgproc$CvFeatureTree done
Event: 9.831 loading class org/bytedeco/javacpp/opencv_imgproc$CvContourScanner
Event: 9.831 loading class org/bytedeco/javacpp/opencv_imgproc$CvContourScanner done


Dynamic libraries:
0x00007ff7c8b80000 - 0x00007ff7c8bb7000 	C:\Program Files\Java\jdk1.8.0_40\bin\javaw.exe
0x00007ffc39b20000 - 0x00007ffc39ce1000 	C:\WINDOWS\SYSTEM32\ntdll.dll
0x00007ffc37840000 - 0x00007ffc378ed000 	C:\WINDOWS\system32\KERNEL32.DLL
0x00007ffc36d10000 - 0x00007ffc36ef8000 	C:\WINDOWS\system32\KERNELBASE.dll
0x00007ffc37150000 - 0x00007ffc371f7000 	C:\WINDOWS\system32\ADVAPI32.dll
0x00007ffc39130000 - 0x00007ffc391cd000 	C:\WINDOWS\system32\msvcrt.dll
0x00007ffc39a60000 - 0x00007ffc39abb000 	C:\WINDOWS\system32\sechost.dll
0x00007ffc36fb0000 - 0x00007ffc370cc000 	C:\WINDOWS\system32\RPCRT4.dll
0x00007ffc39790000 - 0x00007ffc398e6000 	C:\WINDOWS\system32\USER32.dll
0x00007ffc376a0000 - 0x00007ffc37826000 	C:\WINDOWS\system32\GDI32.dll
0x00007ffc2dc60000 - 0x00007ffc2ded4000 	C:\WINDOWS\WinSxS\amd64_microsoft.windows.common-controls_6595b64144ccf1df_6.0.10586.494_none_a2d8b04ea53e3145\COMCTL32.dll
0x00007ffc39510000 - 0x00007ffc3978d000 	C:\WINDOWS\system32\combase.dll
0x00007ffc36200000 - 0x00007ffc3626a000 	C:\WINDOWS\system32\bcryptPrimitives.dll
0x00007ffc394d0000 - 0x00007ffc3950b000 	C:\WINDOWS\system32\IMM32.DLL
0x00007ffc36010000 - 0x00007ffc36041000 	C:\Windows\system32\nvinitx.dll
0x00007ffc36000000 - 0x00007ffc3600a000 	C:\WINDOWS\SYSTEM32\VERSION.dll
0x0000000057da0000 - 0x0000000057da6000 	C:\Program Files\NVIDIA Corporation\CoProcManager\_etoured.dll
0x00007ffc34220000 - 0x00007ffc34252000 	C:\Program Files\NVIDIA Corporation\CoProcManager\nvd3d9wrapx.dll
0x00007ffc37200000 - 0x00007ffc37629000 	C:\WINDOWS\system32\SETUPAPI.dll
0x00007ffc361b0000 - 0x00007ffc361f3000 	C:\WINDOWS\system32\CFGMGR32.dll
0x00007ffc341e0000 - 0x00007ffc34202000 	C:\Program Files\NVIDIA Corporation\CoProcManager\nvdxgiwrapx.dll
0x0000000055cf0000 - 0x0000000055dc2000 	C:\Program Files\Java\jdk1.8.0_40\jre\bin\msvcr100.dll
0x0000000055460000 - 0x0000000055ce3000 	C:\Program Files\Java\jdk1.8.0_40\jre\bin\server\jvm.dll
0x00007ffc37830000 - 0x00007ffc37838000 	C:\WINDOWS\system32\PSAPI.DLL
0x00007ffc2a2e0000 - 0x00007ffc2a2e9000 	C:\WINDOWS\SYSTEM32\WSOCK32.dll
0x00007ffc34840000 - 0x00007ffc34863000 	C:\WINDOWS\SYSTEM32\WINMM.dll
0x00007ffc37630000 - 0x00007ffc3769b000 	C:\WINDOWS\system32\WS2_32.dll
0x0000000002bf0000 - 0x0000000002c1c000 	C:\WINDOWS\SYSTEM32\WINMMBASE.dll
0x0000000055450000 - 0x000000005545f000 	C:\Program Files\Java\jdk1.8.0_40\jre\bin\verify.dll
0x0000000055420000 - 0x0000000055449000 	C:\Program Files\Java\jdk1.8.0_40\jre\bin\java.dll
0x0000000055400000 - 0x0000000055416000 	C:\Program Files\Java\jdk1.8.0_40\jre\bin\zip.dll
0x00007ffc37a10000 - 0x00007ffc38f6c000 	C:\WINDOWS\system32\SHELL32.dll
0x00007ffc36270000 - 0x00007ffc368b5000 	C:\WINDOWS\system32\windows.storage.dll
0x00007ffc390d0000 - 0x00007ffc39122000 	C:\WINDOWS\system32\shlwapi.dll
0x00007ffc361a0000 - 0x00007ffc361af000 	C:\WINDOWS\system32\kernel.appcore.dll
0x00007ffc368c0000 - 0x00007ffc36975000 	C:\WINDOWS\system32\shcore.dll
0x00007ffc36150000 - 0x00007ffc3619b000 	C:\WINDOWS\system32\powrprof.dll
0x00007ffc36120000 - 0x00007ffc36134000 	C:\WINDOWS\system32\profapi.dll
0x00000000553e0000 - 0x00000000553fa000 	C:\Program Files\Java\jdk1.8.0_40\jre\bin\net.dll
0x00007ffc359a0000 - 0x00007ffc359fc000 	C:\WINDOWS\system32\mswsock.dll
0x0000000064940000 - 0x000000006495d000 	C:\Users\Vignesh\AppData\Local\Temp\javacpp10321174012795\libwinpthread-1.dll
0x0000000061440000 - 0x000000006145c000 	C:\Users\Vignesh\AppData\Local\Temp\javacpp10321174012795\libgcc_s_seh-1.dll
0x000000006fc40000 - 0x000000006fd41000 	C:\Users\Vignesh\AppData\Local\Temp\javacpp10321174012795\libstdc++-6.dll
0x0000000071140000 - 0x00000000714e8000 	C:\Users\Vignesh\AppData\Local\Temp\javacpp10321174012795\liblept-4.dll
0x0000000068340000 - 0x000000006862c000 	C:\Users\Vignesh\AppData\Local\Temp\javacpp10321174012795\jnilept.dll
0x0000000068a00000 - 0x0000000068f66000 	C:\Users\Vignesh\AppData\Local\Temp\javacpp10321174012795\libtesseract-3.dll
0x000000006a900000 - 0x000000006a988000 	C:\Users\Vignesh\AppData\Local\Temp\javacpp10321174012795\jnitesseract.dll
0x00007ffc31f50000 - 0x00007ffc3203f000 	C:\Users\Vignesh\AppData\Local\Temp\javacpp10321174012795\msvcr120.dll
0x00007ffc23cf0000 - 0x00007ffc23d96000 	C:\Users\Vignesh\AppData\Local\Temp\javacpp10321174012795\msvcp120.dll
0x00007ffc0b230000 - 0x00007ffc0b4b1000 	C:\Users\Vignesh\AppData\Local\Temp\javacpp10321174012795\opencv_core300.dll
0x00007ffc0a830000 - 0x00007ffc0abaf000 	C:\Users\Vignesh\AppData\Local\Temp\javacpp10321174012795\opencv_imgproc300.dll
0x00007ffc1a9d0000 - 0x00007ffc1ab88000 	C:\Users\Vignesh\AppData\Local\Temp\javacpp10321174012795\jniopencv_core.dll
0x00007ffc1f340000 - 0x00007ffc1f3e5000 	C:\Users\Vignesh\AppData\Local\Temp\javacpp10321174012795\jniopencv_imgproc.dll
0x00007ffc0a570000 - 0x00007ffc0a827000 	C:\Users\Vignesh\AppData\Local\Temp\javacpp10321174012795\opencv_imgcodecs300.dll
0x00007ffc32100000 - 0x00007ffc3211b000 	C:\Users\Vignesh\AppData\Local\Temp\javacpp10321174012795\jniopencv_imgcodecs.dll
0x00007ffc0a3e0000 - 0x00007ffc0a56c000 	C:\WINDOWS\SYSTEM32\dbghelp.dll

VM Arguments:
jvm_args: -Dfile.encoding=Cp1252 
java_command: org.eclipse.jdt.internal.junit.runner.RemoteTestRunner -version 3 -port 50752 -testLoaderClass org.eclipse.jdt.internal.junit4.runner.JUnit4TestLoader -loaderpluginname org.eclipse.jdt.junit4.runtime -classNames BasicTesseractExampleTest
java_class_path (initial): C:\Users\Vignesh\Desktop\hackathon\BasicTesseractExample-master\target\test-classes;C:\Users\Vignesh\Desktop\hackathon\BasicTesseractExample-master\target\classes;C:\Users\Vignesh\.m2\repository\org\bytedeco\javacv\1.1\javacv-1.1.jar;C:\Users\Vignesh\.m2\repository\org\bytedeco\javacpp\1.1\javacpp-1.1.jar;C:\Users\Vignesh\.m2\repository\org\bytedeco\javacpp-presets\opencv\3.0.0-1.1\opencv-3.0.0-1.1.jar;C:\Users\Vignesh\.m2\repository\org\bytedeco\javacpp-presets\opencv\3.0.0-1.1\opencv-3.0.0-1.1-windows-x86_64.jar;C:\Users\Vignesh\.m2\repository\org\bytedeco\javacpp-presets\ffmpeg\2.8.1-1.1\ffmpeg-2.8.1-1.1.jar;C:\Users\Vignesh\.m2\repository\org\bytedeco\javacpp-presets\ffmpeg\2.8.1-1.1\ffmpeg-2.8.1-1.1-windows-x86_64.jar;C:\Users\Vignesh\.m2\repository\org\bytedeco\javacpp-presets\flycapture\2.8.3.1-1.1\flycapture-2.8.3.1-1.1.jar;C:\Users\Vignesh\.m2\repository\org\bytedeco\javacpp-presets\flycapture\2.8.3.1-1.1\flycapture-2.8.3.1-1.1-windows-x86_64.jar;C:\Users\Vignesh\.m2\repository\org\bytedeco\javacpp-presets\libdc1394\2.2.3-1.1\libdc1394-2.2.3-1.1.jar;C:\Users\Vignesh\.m2\repository\org\bytedeco\javacpp-presets\libdc1394\2.2.3-1.1\libdc1394-2.2.3-1.1-windows-x86_64.jar;C:\Users\Vignesh\.m2\repository\org\bytedeco\javacpp-presets\libfreenect\0.5.3-1.1\libfreenect-0.5.3-1.1.jar;C:\Users\Vignesh\.m2\repository\org\bytedeco\javacpp-presets\libfreenect\0.5.3-1.1\libfreenect-0.5.3-1.1-windows-x86_64.jar;C:\Users\Vignesh\.m2\repository\org\bytedeco\javacpp-presets\videoinput\0.200-1.1\videoinput-0.200-1.1.jar;C:\Users\Vignesh\.m2\repository\org\bytedeco\javacpp-presets\videoinput\0.200-1.1\videoinput-0.200-1.1-windows-x86_64.jar;C:\Users\Vignesh\.m2\repository\org\bytedeco\javacpp-presets\artoolkitplus\2.3.1-1.1\artoolkitplus-2.3.1-1.1.jar;C:\Users\Vignesh\.m2\repository\org\bytedeco\javacpp-presets\artoolkitplus\2.3.1-1.1\artoolkitplus-2.3.1-1.1-windows-x86_64.jar;C:\Users\Vignesh\.m2\repository\org\bytedeco\javacpp-presets\flandmark\1.
Launcher Type: SUN_STANDARD

Environment Variables:
JAVA_HOME=C:\Program Files\Java\jdk1.8.0_40
USERNAME=Vignesh
OS=Windows_NT
PROCESSOR_IDENTIFIER=Intel64 Family 6 Model 42 Stepping 7, GenuineIntel



---------------  S Y S T E M  ---------------

OS: Windows 10.0 , 64 bit Build 10586 (10.0.10586.0)

CPU:total 8 (4 cores per cpu, 2 threads per core) family 6 model 42 stepping 7, cmov, cx8, fxsr, mmx, sse, sse2, sse3, ssse3, sse4.1, sse4.2, popcnt, avx, aes, clmul, ht, tsc, tscinvbit

Memory: 4k page, physical 8283452k(4374492k free), swap 19817788k(13778116k free)

vm_info: Java HotSpot(TM) 64-Bit Server VM (25.40-b25) for windows-amd64 JRE (1.8.0_40-b26), built on Mar  7 2015 13:51:59 by "java_re" with MS VC++ 10.0 (VS2010)

time: Sat Jul 30 10:33:46 2016
elapsed time: 10 seconds (0d 0h 0m 10s)

