#
# A fatal error has been detected by the Java Runtime Environment:
#
#  EXCEPTION_UNCAUGHT_CXX_EXCEPTION (0xe06d7363) at pc=0x00007ffc36d81f28, pid=10244, tid=5276
#
# JRE version: Java(TM) SE Runtime Environment (8.0_40-b26) (build 1.8.0_40-b26)
# Java VM: Java HotSpot(TM) 64-Bit Server VM (25.40-b25 mixed mode windows-amd64 compressed oops)
# Problematic frame:
# C  [KERNELBASE.dll+0x71f28]
#
# Failed to write core dump. Minidumps are not enabled by default on client versions of Windows
#
# If you would like to submit a bug report, please visit:
#   http://bugreport.java.com/bugreport/crash.jsp
# The crash happened outside the Java Virtual Machine in native code.
# See problematic frame for where to report the bug.
#

---------------  T H R E A D  ---------------

Current thread (0x0000000003103000):  JavaThread "main" [_thread_in_native, id=5276, stack(0x0000000003000000,0x0000000003100000)]

siginfo: ExceptionCode=0xe06d7363, ExceptionInformation=0x0000000019930520 0x00000000030ee090 0x00007ffc0b479fc0 0x00007ffc0b230000 

Registers:
RAX=0x0000000017ed73b8, RBX=0x00007ffc0b479fc0, RCX=0x00000001178c9c68, RDX=0x0000000117ad1070
RSP=0x00000000030edf00, RBP=0x00000000030ee040, RSI=0x00007ffc0a6e5a80, RDI=0x00000000030ee090
R8 =0x00000000178c9c68, R9 =0x0000000117ad6e30, R10=0x0000000117ad1ca8, R11=0x0000000000000000
R12=0x00000000fffffffe, R13=0x0000000000000000, R14=0x00007ffc0a6e5a68, R15=0x00000000030fe260
RIP=0x00007ffc36d81f28, EFLAGS=0x0000000000000206

Top of Stack: (sp=0x00000000030edf00)
0x00000000030edf00:   0000000017b3db00 00007ffc0b479fc0
0x00000000030edf10:   00007ffc0a6e5a80 00000000030ee090
0x00000000030edf20:   00000001e06d7363 0000000000000000
0x00000000030edf30:   00007ffc36d81f28 0000000000000004
0x00000000030edf40:   0000000019930520 00000000030ee090
0x00000000030edf50:   00007ffc0b479fc0 00007ffc0b230000
0x00000000030edf60:   00000000fffffffe 00000000030ee090
0x00000000030edf70:   00007ffc0a6e5a80 00000000030ee050
0x00000000030edf80:   00000000030ee040 00007ffc39b5782f
0x00000000030edf90:   0000000000000000 00007ffc00000000
0x00000000030edfa0:   00000000030ee090 00007ffc31fad306
0x00000000030edfb0:   00007ffc0b499000 00007ffc0b230000
0x00000000030edfc0:   000077d43f9c0a01 00007ffc3202c4d0
0x00000000030edfd0:   00007ffc0b479fc0 00007ffc31faef63
0x00000000030edfe0:   00000000030ee090 00007ffc31f7eb8d
0x00000000030edff0:   00007ffc3202c4d0 00007ffc0a6e5a80 

Instructions: (pc=0x00007ffc36d81f28)
0x00007ffc36d81f08:   49 8b d1 44 0f 47 c0 44 89 44 24 38 49 c1 e0 03
0x00007ffc36d81f18:   e8 27 b2 00 00 48 8d 4c 24 20 ff 15 c8 a7 05 00
0x00007ffc36d81f28:   48 8b 8c 24 c0 00 00 00 48 33 cc e8 98 7a 00 00
0x00007ffc36d81f38:   48 81 c4 d8 00 00 00 c3 83 64 24 38 00 eb d6 cc 


Register to memory mapping:

RAX=0x0000000017ed73b8 is pointing into metadata
RBX=0x00007ffc0b479fc0 is an unknown value
RCX=0x00000001178c9c68 is an unknown value
RDX=0x0000000117ad1070 is an unknown value
RSP=0x00000000030edf00 is pointing into the stack for thread: 0x0000000003103000
RBP=0x00000000030ee040 is pointing into the stack for thread: 0x0000000003103000
RSI=0x00007ffc0a6e5a80 is an unknown value
RDI=0x00000000030ee090 is pointing into the stack for thread: 0x0000000003103000
R8 =0x00000000178c9c68 is pointing into metadata
R9 =0x0000000117ad6e30 is an unknown value
R10=0x0000000117ad1ca8 is an unknown value
R11=0x0000000000000000 is an unknown value
R12=0x00000000fffffffe is an unallocated location in the heap
R13=0x0000000000000000 is an unknown value
R14=0x00007ffc0a6e5a68 is an unknown value
R15=0x00000000030fe260 is pointing into the stack for thread: 0x0000000003103000


Stack: [0x0000000003000000,0x0000000003100000],  sp=0x00000000030edf00,  free space=951k
Native frames: (J=compiled Java code, j=interpreted, Vv=VM code, C=native code)
C  [KERNELBASE.dll+0x71f28]
C  [msvcr120.dll+0x5ef63]
C  [opencv_core300.dll+0x18cb74]
C  [opencv_core300.dll+0x18ccb6]
C  [opencv_imgcodecs300.dll+0x14ffb]
C  [opencv_imgcodecs300.dll+0x17dbd]
C  [jniopencv_imgcodecs.dll+0x898d]
C  0x0000000003215e34

Java frames: (J=compiled Java code, j=interpreted, Vv=VM code)
j  org.bytedeco.javacpp.opencv_imgcodecs.cvSaveImage(Ljava/lang/String;Lorg/bytedeco/javacpp/helper/opencv_core$CvArr;)I+0
j  BasicTesseractExampleTest.downScaleImage(Lorg/bytedeco/javacpp/opencv_core$IplImage;I)Lorg/bytedeco/javacpp/opencv_core$IplImage;+115
j  BasicTesseractExampleTest.givenTessBaseApi_whenImageOcrd_thenTextDisplayed()V+76
v  ~StubRoutines::call_stub
j  sun.reflect.NativeMethodAccessorImpl.invoke0(Ljava/lang/reflect/Method;Ljava/lang/Object;[Ljava/lang/Object;)Ljava/lang/Object;+0
j  sun.reflect.NativeMethodAccessorImpl.invoke(Ljava/lang/Object;[Ljava/lang/Object;)Ljava/lang/Object;+100
j  sun.reflect.DelegatingMethodAccessorImpl.invoke(Ljava/lang/Object;[Ljava/lang/Object;)Ljava/lang/Object;+6
j  java.lang.reflect.Method.invoke(Ljava/lang/Object;[Ljava/lang/Object;)Ljava/lang/Object;+56
j  org.junit.runners.model.FrameworkMethod$1.runReflectiveCall()Ljava/lang/Object;+15
j  org.junit.internal.runners.model.ReflectiveCallable.run()Ljava/lang/Object;+1
j  org.junit.runners.model.FrameworkMethod.invokeExplosively(Ljava/lang/Object;[Ljava/lang/Object;)Ljava/lang/Object;+10
j  org.junit.internal.runners.statements.InvokeMethod.evaluate()V+12
j  org.junit.runners.ParentRunner.runLeaf(Lorg/junit/runners/model/Statement;Lorg/junit/runner/Description;Lorg/junit/runner/notification/RunNotifier;)V+17
j  org.junit.runners.BlockJUnit4ClassRunner.runChild(Lorg/junit/runners/model/FrameworkMethod;Lorg/junit/runner/notification/RunNotifier;)V+32
j  org.junit.runners.BlockJUnit4ClassRunner.runChild(Ljava/lang/Object;Lorg/junit/runner/notification/RunNotifier;)V+6
j  org.junit.runners.ParentRunner$3.run()V+12
j  org.junit.runners.ParentRunner$1.schedule(Ljava/lang/Runnable;)V+1
j  org.junit.runners.ParentRunner.runChildren(Lorg/junit/runner/notification/RunNotifier;)V+40
j  org.junit.runners.ParentRunner.access$000(Lorg/junit/runners/ParentRunner;Lorg/junit/runner/notification/RunNotifier;)V+2
j  org.junit.runners.ParentRunner$2.evaluate()V+8
j  org.junit.runners.ParentRunner.run(Lorg/junit/runner/notification/RunNotifier;)V+20
j  org.eclipse.jdt.internal.junit4.runner.JUnit4TestReference.run(Lorg/eclipse/jdt/internal/junit/runner/TestExecution;)V+72
j  org.eclipse.jdt.internal.junit.runner.TestExecution.run([Lorg/eclipse/jdt/internal/junit/runner/ITestReference;)V+17
j  org.eclipse.jdt.internal.junit.runner.RemoteTestRunner.runTests([Ljava/lang/String;Ljava/lang/String;Lorg/eclipse/jdt/internal/junit/runner/TestExecution;)V+61
j  org.eclipse.jdt.internal.junit.runner.RemoteTestRunner.runTests(Lorg/eclipse/jdt/internal/junit/runner/TestExecution;)V+10
j  org.eclipse.jdt.internal.junit.runner.RemoteTestRunner.run()V+70
j  org.eclipse.jdt.internal.junit.runner.RemoteTestRunner.main([Ljava/lang/String;)V+14
v  ~StubRoutines::call_stub

---------------  P R O C E S S  ---------------

Java Threads: ( => current thread )
  0x000000001a572000 JavaThread "ReaderThread" [_thread_in_native, id=5008, stack(0x000000001b580000,0x000000001b680000)]
  0x000000001a25c800 JavaThread "Service Thread" daemon [_thread_blocked, id=6176, stack(0x000000001ab80000,0x000000001ac80000)]
  0x000000001a1ca000 JavaThread "C1 CompilerThread3" daemon [_thread_blocked, id=5916, stack(0x000000001aa80000,0x000000001ab80000)]
  0x000000001a1b5800 JavaThread "C2 CompilerThread2" daemon [_thread_blocked, id=4636, stack(0x000000001a980000,0x000000001aa80000)]
  0x000000001a1b1000 JavaThread "C2 CompilerThread1" daemon [_thread_blocked, id=3900, stack(0x000000001a880000,0x000000001a980000)]
  0x000000001a1af800 JavaThread "C2 CompilerThread0" daemon [_thread_blocked, id=2104, stack(0x000000001a780000,0x000000001a880000)]
  0x000000001a1ad800 JavaThread "Attach Listener" daemon [_thread_blocked, id=10752, stack(0x000000001a680000,0x000000001a780000)]
  0x000000001a1ac800 JavaThread "Signal Dispatcher" daemon [_thread_blocked, id=10804, stack(0x000000001a580000,0x000000001a680000)]
  0x00000000031fd000 JavaThread "Finalizer" daemon [_thread_blocked, id=10416, stack(0x000000001a080000,0x000000001a180000)]
  0x00000000031f6000 JavaThread "Reference Handler" daemon [_thread_blocked, id=10880, stack(0x0000000019f80000,0x000000001a080000)]
=>0x0000000003103000 JavaThread "main" [_thread_in_native, id=5276, stack(0x0000000003000000,0x0000000003100000)]

Other Threads:
  0x0000000018199000 VMThread [stack: 0x0000000019e80000,0x0000000019f80000] [id=7568]
  0x000000001a208000 WatcherThread [stack: 0x000000001ac80000,0x000000001ad80000] [id=10432]

VM state:not at safepoint (normal execution)

VM Mutex/Monitor currently owned by a thread: None

Heap:
 PSYoungGen      total 38400K, used 18705K [0x00000000d5d80000, 0x00000000d8800000, 0x0000000100000000)
  eden space 33280K, 49% used [0x00000000d5d80000,0x00000000d6dbd960,0x00000000d7e00000)
  from space 5120K, 40% used [0x00000000d7e00000,0x00000000d8006c50,0x00000000d8300000)
  to   space 5120K, 0% used [0x00000000d8300000,0x00000000d8300000,0x00000000d8800000)
 ParOldGen       total 87552K, used 8K [0x0000000081800000, 0x0000000086d80000, 0x00000000d5d80000)
  object space 87552K, 0% used [0x0000000081800000,0x0000000081802000,0x0000000086d80000)
 Metaspace       used 8237K, capacity 8544K, committed 8832K, reserved 1056768K
  class space    used 824K, capacity 850K, committed 896K, reserved 1048576K

Card table byte_map: [0x00000000125c0000,0x00000000129c0000] byte_map_base: 0x00000000121b4000

Marking Bits: (ParMarkBitMap*) 0x0000000055c84040
 Begin Bits: [0x0000000013470000, 0x0000000015410000)
 End Bits:   [0x0000000015410000, 0x00000000173b0000)

Polling page: 0x0000000001200000

CodeCache: size=245760Kb used=3401Kb max_used=3404Kb free=242358Kb
 bounds [0x0000000003200000, 0x0000000003560000, 0x0000000012200000]
 total_blobs=1315 nmethods=677 adapters=551
 compilation: enabled

Compilation events (10 events):
Event: 10.163 Thread 0x000000001a1ca000 nmethod 671 0x000000000354b650 code [0x000000000354b7c0, 0x000000000354b968]
Event: 10.163 Thread 0x000000001a1ca000  672       3       java.util.ArrayDeque::addLast (53 bytes)
Event: 10.164 Thread 0x000000001a1ca000 nmethod 672 0x000000000354d210 code [0x000000000354d3a0, 0x000000000354d7b8]
Event: 10.167 Thread 0x000000001a1af800 nmethod 669 0x000000000354cad0 code [0x000000000354cc20, 0x000000000354cf98]
Event: 10.978 Thread 0x000000001a1ca000  673   !   3       java.util.Collections$SynchronizedCollection::add (25 bytes)
Event: 10.979 Thread 0x000000001a1ca000 nmethod 673 0x000000000354afd0 code [0x000000000354b140, 0x000000000354b4e8]
Event: 10.979 Thread 0x000000001a1ca000  674       3       java.lang.ClassLoader::checkPackageAccess (122 bytes)
Event: 10.981 Thread 0x000000001a1ca000 nmethod 674 0x0000000003554350 code [0x0000000003554580, 0x0000000003555168]
Event: 10.981 Thread 0x000000001a1ca000  675       1       java.nio.Buffer::limit (5 bytes)
Event: 10.982 Thread 0x000000001a1ca000 nmethod 675 0x000000000354c810 code [0x000000000354c960, 0x000000000354ca70]

GC Heap History (2 events):
Event: 6.099 GC heap before
{Heap before GC invocations=1 (full 0):
 PSYoungGen      total 38400K, used 33280K [0x00000000d5d80000, 0x00000000d8800000, 0x0000000100000000)
  eden space 33280K, 100% used [0x00000000d5d80000,0x00000000d7e00000,0x00000000d7e00000)
  from space 5120K, 0% used [0x00000000d8300000,0x00000000d8300000,0x00000000d8800000)
  to   space 5120K, 0% used [0x00000000d7e00000,0x00000000d7e00000,0x00000000d8300000)
 ParOldGen       total 87552K, used 0K [0x0000000081800000, 0x0000000086d80000, 0x00000000d5d80000)
  object space 87552K, 0% used [0x0000000081800000,0x0000000081800000,0x0000000086d80000)
 Metaspace       used 6426K, capacity 6932K, committed 7168K, reserved 1056768K
  class space    used 627K, capacity 656K, committed 768K, reserved 1048576K
Event: 6.106 GC heap after
Heap after GC invocations=1 (full 0):
 PSYoungGen      total 38400K, used 2075K [0x00000000d5d80000, 0x00000000d8800000, 0x0000000100000000)
  eden space 33280K, 0% used [0x00000000d5d80000,0x00000000d5d80000,0x00000000d7e00000)
  from space 5120K, 40% used [0x00000000d7e00000,0x00000000d8006c50,0x00000000d8300000)
  to   space 5120K, 0% used [0x00000000d8300000,0x00000000d8300000,0x00000000d8800000)
 ParOldGen       total 87552K, used 8K [0x0000000081800000, 0x0000000086d80000, 0x00000000d5d80000)
  object space 87552K, 0% used [0x0000000081800000,0x0000000081802000,0x0000000086d80000)
 Metaspace       used 6426K, capacity 6932K, committed 7168K, reserved 1056768K
  class space    used 627K, capacity 656K, committed 768K, reserved 1048576K
}

Deoptimization events (5 events):
Event: 0.516 Thread 0x0000000003103000 Uncommon trap: reason=unstable_if action=reinterpret pc=0x0000000003336178 method=java.lang.String.hashCode()I @ 14
Event: 1.202 Thread 0x0000000003103000 Uncommon trap: reason=unstable_if action=reinterpret pc=0x000000000339525c method=sun.net.www.ParseUtil.encodePath(Ljava/lang/String;Z)Ljava/lang/String; @ 123
Event: 1.207 Thread 0x0000000003103000 Uncommon trap: reason=unstable_if action=reinterpret pc=0x00000000033c0d50 method=sun.misc.URLClassPath.getLoader(I)Lsun/misc/URLClassPath$Loader; @ 36
Event: 1.207 Thread 0x0000000003103000 Uncommon trap: reason=unstable_if action=reinterpret pc=0x00000000033bdfd8 method=sun.misc.URLClassPath.getLoader(I)Lsun/misc/URLClassPath$Loader; @ 36
Event: 1.426 Thread 0x0000000003103000 Uncommon trap: reason=unstable_if action=reinterpret pc=0x0000000003410548 method=java.io.WinNTFileSystem.normalize(Ljava/lang/String;)Ljava/lang/String; @ 128

Internal exceptions (10 events):
Event: 0.506 Thread 0x0000000003103000 Exception <a 'java/security/PrivilegedActionException'> (0x00000000d60dc308) thrown at [D:\re\workspace\8-2-build-windows-amd64-cygwin\jdk8u40\3098\hotspot\src\share\vm\prims\jvm.cpp, line 1382]
Event: 0.506 Thread 0x0000000003103000 Exception <a 'java/security/PrivilegedActionException'> (0x00000000d60dc4c0) thrown at [D:\re\workspace\8-2-build-windows-amd64-cygwin\jdk8u40\3098\hotspot\src\share\vm\prims\jvm.cpp, line 1382]
Event: 0.507 Thread 0x0000000003103000 Exception <a 'java/security/PrivilegedActionException'> (0x00000000d60dd8d0) thrown at [D:\re\workspace\8-2-build-windows-amd64-cygwin\jdk8u40\3098\hotspot\src\share\vm\prims\jvm.cpp, line 1382]
Event: 0.507 Thread 0x0000000003103000 Exception <a 'java/security/PrivilegedActionException'> (0x00000000d60dda88) thrown at [D:\re\workspace\8-2-build-windows-amd64-cygwin\jdk8u40\3098\hotspot\src\share\vm\prims\jvm.cpp, line 1382]
Event: 0.507 Thread 0x0000000003103000 Exception <a 'java/security/PrivilegedActionException'> (0x00000000d60ded10) thrown at [D:\re\workspace\8-2-build-windows-amd64-cygwin\jdk8u40\3098\hotspot\src\share\vm\prims\jvm.cpp, line 1382]
Event: 0.507 Thread 0x0000000003103000 Exception <a 'java/security/PrivilegedActionException'> (0x00000000d60deec8) thrown at [D:\re\workspace\8-2-build-windows-amd64-cygwin\jdk8u40\3098\hotspot\src\share\vm\prims\jvm.cpp, line 1382]
Event: 1.209 Thread 0x0000000003103000 Exception <a 'java/security/PrivilegedActionException'> (0x00000000d693ff00) thrown at [D:\re\workspace\8-2-build-windows-amd64-cygwin\jdk8u40\3098\hotspot\src\share\vm\prims\jvm.cpp, line 1382]
Event: 1.209 Thread 0x0000000003103000 Exception <a 'java/security/PrivilegedActionException'> (0x00000000d6940248) thrown at [D:\re\workspace\8-2-build-windows-amd64-cygwin\jdk8u40\3098\hotspot\src\share\vm\prims\jvm.cpp, line 1382]
Event: 1.210 Thread 0x0000000003103000 Exception <a 'java/security/PrivilegedActionException'> (0x00000000d6944300) thrown at [D:\re\workspace\8-2-build-windows-amd64-cygwin\jdk8u40\3098\hotspot\src\share\vm\prims\jvm.cpp, line 1382]
Event: 1.210 Thread 0x0000000003103000 Exception <a 'java/security/PrivilegedActionException'> (0x00000000d6944648) thrown at [D:\re\workspace\8-2-build-windows-amd64-cygwin\jdk8u40\3098\hotspot\src\share\vm\prims\jvm.cpp, line 1382]

Events (10 events):
Event: 10.152 loading class org/bytedeco/javacpp/opencv_imgproc$CvDistanceFunction
Event: 10.152 loading class org/bytedeco/javacpp/opencv_imgproc$CvDistanceFunction done
Event: 10.154 loading class org/bytedeco/javacpp/opencv_imgproc$CvLSHOperations
Event: 10.154 loading class org/bytedeco/javacpp/opencv_imgproc$CvLSHOperations done
Event: 10.155 loading class org/bytedeco/javacpp/opencv_imgproc$CvLSH
Event: 10.155 loading class org/bytedeco/javacpp/opencv_imgproc$CvLSH done
Event: 10.156 loading class org/bytedeco/javacpp/opencv_imgproc$CvFeatureTree
Event: 10.156 loading class org/bytedeco/javacpp/opencv_imgproc$CvFeatureTree done
Event: 10.157 loading class org/bytedeco/javacpp/opencv_imgproc$CvContourScanner
Event: 10.157 loading class org/bytedeco/javacpp/opencv_imgproc$CvContourScanner done


Dynamic libraries:
0x00007ff7c8b80000 - 0x00007ff7c8bb7000 	C:\Program Files\Java\jdk1.8.0_40\bin\javaw.exe
0x00007ffc39b20000 - 0x00007ffc39ce1000 	C:\WINDOWS\SYSTEM32\ntdll.dll
0x00007ffc37840000 - 0x00007ffc378ed000 	C:\WINDOWS\system32\KERNEL32.DLL
0x00007ffc36d10000 - 0x00007ffc36ef8000 	C:\WINDOWS\system32\KERNELBASE.dll
0x00007ffc37150000 - 0x00007ffc371f7000 	C:\WINDOWS\system32\ADVAPI32.dll
0x00007ffc39130000 - 0x00007ffc391cd000 	C:\WINDOWS\system32\msvcrt.dll
0x00007ffc39a60000 - 0x00007ffc39abb000 	C:\WINDOWS\system32\sechost.dll
0x00007ffc36fb0000 - 0x00007ffc370cc000 	C:\WINDOWS\system32\RPCRT4.dll
0x00007ffc39790000 - 0x00007ffc398e6000 	C:\WINDOWS\system32\USER32.dll
0x00007ffc376a0000 - 0x00007ffc37826000 	C:\WINDOWS\system32\GDI32.dll
0x00007ffc2dc60000 - 0x00007ffc2ded4000 	C:\WINDOWS\WinSxS\amd64_microsoft.windows.common-controls_6595b64144ccf1df_6.0.10586.494_none_a2d8b04ea53e3145\COMCTL32.dll
0x00007ffc39510000 - 0x00007ffc3978d000 	C:\WINDOWS\system32\combase.dll
0x00007ffc36200000 - 0x00007ffc3626a000 	C:\WINDOWS\system32\bcryptPrimitives.dll
0x00007ffc394d0000 - 0x00007ffc3950b000 	C:\WINDOWS\system32\IMM32.DLL
0x00007ffc36010000 - 0x00007ffc36041000 	C:\Windows\system32\nvinitx.dll
0x00007ffc36000000 - 0x00007ffc3600a000 	C:\WINDOWS\SYSTEM32\VERSION.dll
0x0000000057da0000 - 0x0000000057da6000 	C:\Program Files\NVIDIA Corporation\CoProcManager\_etoured.dll
0x00007ffc34220000 - 0x00007ffc34252000 	C:\Program Files\NVIDIA Corporation\CoProcManager\nvd3d9wrapx.dll
0x00007ffc37200000 - 0x00007ffc37629000 	C:\WINDOWS\system32\SETUPAPI.dll
0x00007ffc361b0000 - 0x00007ffc361f3000 	C:\WINDOWS\system32\CFGMGR32.dll
0x00007ffc341e0000 - 0x00007ffc34202000 	C:\Program Files\NVIDIA Corporation\CoProcManager\nvdxgiwrapx.dll
0x0000000055d10000 - 0x0000000055de2000 	C:\Program Files\Java\jdk1.8.0_40\jre\bin\msvcr100.dll
0x0000000055480000 - 0x0000000055d03000 	C:\Program Files\Java\jdk1.8.0_40\jre\bin\server\jvm.dll
0x00007ffc37830000 - 0x00007ffc37838000 	C:\WINDOWS\system32\PSAPI.DLL
0x00007ffc34840000 - 0x00007ffc34863000 	C:\WINDOWS\SYSTEM32\WINMM.dll
0x00007ffc2a2e0000 - 0x00007ffc2a2e9000 	C:\WINDOWS\SYSTEM32\WSOCK32.dll
0x00007ffc37630000 - 0x00007ffc3769b000 	C:\WINDOWS\system32\WS2_32.dll
0x00007ffc347e0000 - 0x00007ffc3480c000 	C:\WINDOWS\SYSTEM32\WINMMBASE.dll
0x0000000055470000 - 0x000000005547f000 	C:\Program Files\Java\jdk1.8.0_40\jre\bin\verify.dll
0x0000000055440000 - 0x0000000055469000 	C:\Program Files\Java\jdk1.8.0_40\jre\bin\java.dll
0x0000000055420000 - 0x0000000055436000 	C:\Program Files\Java\jdk1.8.0_40\jre\bin\zip.dll
0x00007ffc37a10000 - 0x00007ffc38f6c000 	C:\WINDOWS\system32\SHELL32.dll
0x00007ffc36270000 - 0x00007ffc368b5000 	C:\WINDOWS\system32\windows.storage.dll
0x00007ffc390d0000 - 0x00007ffc39122000 	C:\WINDOWS\system32\shlwapi.dll
0x00007ffc361a0000 - 0x00007ffc361af000 	C:\WINDOWS\system32\kernel.appcore.dll
0x00007ffc368c0000 - 0x00007ffc36975000 	C:\WINDOWS\system32\shcore.dll
0x00007ffc36150000 - 0x00007ffc3619b000 	C:\WINDOWS\system32\powrprof.dll
0x00007ffc36120000 - 0x00007ffc36134000 	C:\WINDOWS\system32\profapi.dll
0x0000000055400000 - 0x000000005541a000 	C:\Program Files\Java\jdk1.8.0_40\jre\bin\net.dll
0x00007ffc359a0000 - 0x00007ffc359fc000 	C:\WINDOWS\system32\mswsock.dll
0x0000000064940000 - 0x000000006495d000 	C:\Users\Vignesh\AppData\Local\Temp\javacpp9179559922242\libwinpthread-1.dll
0x0000000061440000 - 0x000000006145c000 	C:\Users\Vignesh\AppData\Local\Temp\javacpp9179559922242\libgcc_s_seh-1.dll
0x000000006fc40000 - 0x000000006fd41000 	C:\Users\Vignesh\AppData\Local\Temp\javacpp9179559922242\libstdc++-6.dll
0x0000000071140000 - 0x00000000714e8000 	C:\Users\Vignesh\AppData\Local\Temp\javacpp9179559922242\liblept-4.dll
0x0000000068340000 - 0x000000006862c000 	C:\Users\Vignesh\AppData\Local\Temp\javacpp9179559922242\jnilept.dll
0x0000000068a00000 - 0x0000000068f66000 	C:\Users\Vignesh\AppData\Local\Temp\javacpp9179559922242\libtesseract-3.dll
0x000000006a900000 - 0x000000006a988000 	C:\Users\Vignesh\AppData\Local\Temp\javacpp9179559922242\jnitesseract.dll
0x00007ffc31f50000 - 0x00007ffc3203f000 	C:\Users\Vignesh\AppData\Local\Temp\javacpp9179559922242\msvcr120.dll
0x00007ffc238a0000 - 0x00007ffc23946000 	C:\Users\Vignesh\AppData\Local\Temp\javacpp9179559922242\msvcp120.dll
0x00007ffc0b230000 - 0x00007ffc0b4b1000 	C:\Users\Vignesh\AppData\Local\Temp\javacpp9179559922242\opencv_core300.dll
0x00007ffc0a830000 - 0x00007ffc0abaf000 	C:\Users\Vignesh\AppData\Local\Temp\javacpp9179559922242\opencv_imgproc300.dll
0x00007ffc1a9d0000 - 0x00007ffc1ab88000 	C:\Users\Vignesh\AppData\Local\Temp\javacpp9179559922242\jniopencv_core.dll
0x00007ffc237f0000 - 0x00007ffc23895000 	C:\Users\Vignesh\AppData\Local\Temp\javacpp9179559922242\jniopencv_imgproc.dll
0x00007ffc0a570000 - 0x00007ffc0a827000 	C:\Users\Vignesh\AppData\Local\Temp\javacpp9179559922242\opencv_imgcodecs300.dll
0x00007ffc320c0000 - 0x00007ffc320db000 	C:\Users\Vignesh\AppData\Local\Temp\javacpp9179559922242\jniopencv_imgcodecs.dll
0x00007ffc0a3e0000 - 0x00007ffc0a56c000 	C:\WINDOWS\SYSTEM32\dbghelp.dll

VM Arguments:
jvm_args: -Dfile.encoding=Cp1252 
java_command: org.eclipse.jdt.internal.junit.runner.RemoteTestRunner -version 3 -port 50569 -testLoaderClass org.eclipse.jdt.internal.junit4.runner.JUnit4TestLoader -loaderpluginname org.eclipse.jdt.junit4.runtime -classNames BasicTesseractExampleTest
java_class_path (initial): C:\Users\Vignesh\Desktop\hackathon\BasicTesseractExample-master\target\test-classes;C:\Users\Vignesh\Desktop\hackathon\BasicTesseractExample-master\target\classes;C:\Users\Vignesh\.m2\repository\org\bytedeco\javacv\1.1\javacv-1.1.jar;C:\Users\Vignesh\.m2\repository\org\bytedeco\javacpp\1.1\javacpp-1.1.jar;C:\Users\Vignesh\.m2\repository\org\bytedeco\javacpp-presets\opencv\3.0.0-1.1\opencv-3.0.0-1.1.jar;C:\Users\Vignesh\.m2\repository\org\bytedeco\javacpp-presets\opencv\3.0.0-1.1\opencv-3.0.0-1.1-windows-x86_64.jar;C:\Users\Vignesh\.m2\repository\org\bytedeco\javacpp-presets\ffmpeg\2.8.1-1.1\ffmpeg-2.8.1-1.1.jar;C:\Users\Vignesh\.m2\repository\org\bytedeco\javacpp-presets\ffmpeg\2.8.1-1.1\ffmpeg-2.8.1-1.1-windows-x86_64.jar;C:\Users\Vignesh\.m2\repository\org\bytedeco\javacpp-presets\flycapture\2.8.3.1-1.1\flycapture-2.8.3.1-1.1.jar;C:\Users\Vignesh\.m2\repository\org\bytedeco\javacpp-presets\flycapture\2.8.3.1-1.1\flycapture-2.8.3.1-1.1-windows-x86_64.jar;C:\Users\Vignesh\.m2\repository\org\bytedeco\javacpp-presets\libdc1394\2.2.3-1.1\libdc1394-2.2.3-1.1.jar;C:\Users\Vignesh\.m2\repository\org\bytedeco\javacpp-presets\libdc1394\2.2.3-1.1\libdc1394-2.2.3-1.1-windows-x86_64.jar;C:\Users\Vignesh\.m2\repository\org\bytedeco\javacpp-presets\libfreenect\0.5.3-1.1\libfreenect-0.5.3-1.1.jar;C:\Users\Vignesh\.m2\repository\org\bytedeco\javacpp-presets\libfreenect\0.5.3-1.1\libfreenect-0.5.3-1.1-windows-x86_64.jar;C:\Users\Vignesh\.m2\repository\org\bytedeco\javacpp-presets\videoinput\0.200-1.1\videoinput-0.200-1.1.jar;C:\Users\Vignesh\.m2\repository\org\bytedeco\javacpp-presets\videoinput\0.200-1.1\videoinput-0.200-1.1-windows-x86_64.jar;C:\Users\Vignesh\.m2\repository\org\bytedeco\javacpp-presets\artoolkitplus\2.3.1-1.1\artoolkitplus-2.3.1-1.1.jar;C:\Users\Vignesh\.m2\repository\org\bytedeco\javacpp-presets\artoolkitplus\2.3.1-1.1\artoolkitplus-2.3.1-1.1-windows-x86_64.jar;C:\Users\Vignesh\.m2\repository\org\bytedeco\javacpp-presets\flandmark\1.
Launcher Type: SUN_STANDARD

Environment Variables:
JAVA_HOME=C:\Program Files\Java\jdk1.8.0_40
USERNAME=Vignesh
OS=Windows_NT
PROCESSOR_IDENTIFIER=Intel64 Family 6 Model 42 Stepping 7, GenuineIntel



---------------  S Y S T E M  ---------------

OS: Windows 10.0 , 64 bit Build 10586 (10.0.10586.0)

CPU:total 8 (4 cores per cpu, 2 threads per core) family 6 model 42 stepping 7, cmov, cx8, fxsr, mmx, sse, sse2, sse3, ssse3, sse4.1, sse4.2, popcnt, avx, aes, clmul, ht, tsc, tscinvbit

Memory: 4k page, physical 8283452k(4101404k free), swap 19817788k(14115940k free)

vm_info: Java HotSpot(TM) 64-Bit Server VM (25.40-b25) for windows-amd64 JRE (1.8.0_40-b26), built on Mar  7 2015 13:51:59 by "java_re" with MS VC++ 10.0 (VS2010)

time: Sat Jul 30 10:14:45 2016
elapsed time: 11 seconds (0d 0h 0m 11s)

