#
# A fatal error has been detected by the Java Runtime Environment:
#
#  EXCEPTION_UNCAUGHT_CXX_EXCEPTION (0xe06d7363) at pc=0x00007ffc36d81f28, pid=4452, tid=684
#
# JRE version: Java(TM) SE Runtime Environment (8.0_40-b26) (build 1.8.0_40-b26)
# Java VM: Java HotSpot(TM) 64-Bit Server VM (25.40-b25 mixed mode windows-amd64 compressed oops)
# Problematic frame:
# C  [KERNELBASE.dll+0x71f28]
#
# Failed to write core dump. Minidumps are not enabled by default on client versions of Windows
#
# If you would like to submit a bug report, please visit:
#   http://bugreport.java.com/bugreport/crash.jsp
# The crash happened outside the Java Virtual Machine in native code.
# See problematic frame for where to report the bug.
#

---------------  T H R E A D  ---------------

Current thread (0x0000000002793800):  JavaThread "main" [_thread_in_native, id=684, stack(0x00000000025d0000,0x00000000026d0000)]

siginfo: ExceptionCode=0xe06d7363, ExceptionInformation=0x0000000019930520 0x00000000026bdc30 0x00007ffc23b79fc0 0x00007ffc23930000 

Registers:
RAX=0x0000000017164d78, RBX=0x00007ffc23b79fc0, RCX=0x0000000016f426b0, RDX=0x0000000017164980
RSP=0x00000000026bdaa0, RBP=0x00000000026bdbe0, RSI=0x00007ffc0eb85a80, RDI=0x00000000026bdc30
R8 =0x000000011715dfa0, R9 =0x0000000002000002, R10=0x000000001715ddc0, R11=0x000000001715dfc0
R12=0x00000000fffffffe, R13=0x0000000000000000, R14=0x00007ffc0eb85a68, R15=0x00000000026cde00
RIP=0x00007ffc36d81f28, EFLAGS=0x0000000000000202

Top of Stack: (sp=0x00000000026bdaa0)
0x00000000026bdaa0:   00000000171fd7f8 00007ffc23b79fc0
0x00000000026bdab0:   00007ffc0eb85a80 00000000026bdc30
0x00000000026bdac0:   00000001e06d7363 0000000000000000
0x00000000026bdad0:   00007ffc36d81f28 0000000000000004
0x00000000026bdae0:   0000000019930520 00000000026bdc30
0x00000000026bdaf0:   00007ffc23b79fc0 00007ffc23930000
0x00000000026bdb00:   00000000fffffffe 00000000026bdc30
0x00000000026bdb10:   00007ffc0eb85a80 00000000026bdbf0
0x00000000026bdb20:   00000000026bdbe0 00007ffc39b5782f
0x00000000026bdb30:   0000000000000000 00007ffc00000000
0x00000000026bdb40:   00000000026bdc30 00007ffc23c1d306
0x00000000026bdb50:   00007ffc23b99000 00007ffc23930000
0x00000000026bdb60:   0000686074075f23 00007ffc23c9c4d0
0x00000000026bdb70:   00007ffc23b79fc0 00007ffc23c1ef63
0x00000000026bdb80:   00000000026bdc30 00007ffc23beeb8d
0x00000000026bdb90:   00007ffc23c9c4d0 00007ffc0eb85a80 

Instructions: (pc=0x00007ffc36d81f28)
0x00007ffc36d81f08:   49 8b d1 44 0f 47 c0 44 89 44 24 38 49 c1 e0 03
0x00007ffc36d81f18:   e8 27 b2 00 00 48 8d 4c 24 20 ff 15 c8 a7 05 00
0x00007ffc36d81f28:   48 8b 8c 24 c0 00 00 00 48 33 cc e8 98 7a 00 00
0x00007ffc36d81f38:   48 81 c4 d8 00 00 00 c3 83 64 24 38 00 eb d6 cc 


Register to memory mapping:

RAX=0x0000000017164d78 is pointing into metadata
RBX=0x00007ffc23b79fc0 is an unknown value
RCX=0x0000000016f426b0 is pointing into metadata
RDX=0x0000000017164980 is pointing into metadata
RSP=0x00000000026bdaa0 is pointing into the stack for thread: 0x0000000002793800
RBP=0x00000000026bdbe0 is pointing into the stack for thread: 0x0000000002793800
RSI=0x00007ffc0eb85a80 is an unknown value
RDI=0x00000000026bdc30 is pointing into the stack for thread: 0x0000000002793800
R8 =0x000000011715dfa0 is an unknown value
R9 =0x0000000002000002 is an unknown value
R10=0x000000001715ddc0 is pointing into metadata
R11=0x000000001715dfc0 is pointing into metadata
R12=0x00000000fffffffe is an unallocated location in the heap
R13=0x0000000000000000 is an unknown value
R14=0x00007ffc0eb85a68 is an unknown value
R15=0x00000000026cde00 is pointing into the stack for thread: 0x0000000002793800


Stack: [0x00000000025d0000,0x00000000026d0000],  sp=0x00000000026bdaa0,  free space=950k
Native frames: (J=compiled Java code, j=interpreted, Vv=VM code, C=native code)
C  [KERNELBASE.dll+0x71f28]
C  [msvcr120.dll+0x5ef63]
C  [opencv_core300.dll+0x18cb74]
C  [opencv_core300.dll+0x18ccb6]
C  [opencv_imgcodecs300.dll+0x14ffb]
C  [opencv_imgcodecs300.dll+0x17dbd]
C  [jniopencv_imgcodecs.dll+0x898d]
C  0x00000000028a5e34

Java frames: (J=compiled Java code, j=interpreted, Vv=VM code)
j  org.bytedeco.javacpp.opencv_imgcodecs.cvSaveImage(Ljava/lang/String;Lorg/bytedeco/javacpp/helper/opencv_core$CvArr;)I+0
j  BasicTesseractExampleTest.applyEdgeDetection(Lorg/bytedeco/javacpp/opencv_core$IplImage;I)Lorg/bytedeco/javacpp/opencv_core$IplImage;+137
j  BasicTesseractExampleTest.givenTessBaseApi_whenImageOcrd_thenTextDisplayed()V+82
v  ~StubRoutines::call_stub
j  sun.reflect.NativeMethodAccessorImpl.invoke0(Ljava/lang/reflect/Method;Ljava/lang/Object;[Ljava/lang/Object;)Ljava/lang/Object;+0
j  sun.reflect.NativeMethodAccessorImpl.invoke(Ljava/lang/Object;[Ljava/lang/Object;)Ljava/lang/Object;+100
j  sun.reflect.DelegatingMethodAccessorImpl.invoke(Ljava/lang/Object;[Ljava/lang/Object;)Ljava/lang/Object;+6
j  java.lang.reflect.Method.invoke(Ljava/lang/Object;[Ljava/lang/Object;)Ljava/lang/Object;+56
j  org.junit.runners.model.FrameworkMethod$1.runReflectiveCall()Ljava/lang/Object;+15
j  org.junit.internal.runners.model.ReflectiveCallable.run()Ljava/lang/Object;+1
j  org.junit.runners.model.FrameworkMethod.invokeExplosively(Ljava/lang/Object;[Ljava/lang/Object;)Ljava/lang/Object;+10
j  org.junit.internal.runners.statements.InvokeMethod.evaluate()V+12
j  org.junit.runners.ParentRunner.runLeaf(Lorg/junit/runners/model/Statement;Lorg/junit/runner/Description;Lorg/junit/runner/notification/RunNotifier;)V+17
j  org.junit.runners.BlockJUnit4ClassRunner.runChild(Lorg/junit/runners/model/FrameworkMethod;Lorg/junit/runner/notification/RunNotifier;)V+32
j  org.junit.runners.BlockJUnit4ClassRunner.runChild(Ljava/lang/Object;Lorg/junit/runner/notification/RunNotifier;)V+6
j  org.junit.runners.ParentRunner$3.run()V+12
j  org.junit.runners.ParentRunner$1.schedule(Ljava/lang/Runnable;)V+1
j  org.junit.runners.ParentRunner.runChildren(Lorg/junit/runner/notification/RunNotifier;)V+40
j  org.junit.runners.ParentRunner.access$000(Lorg/junit/runners/ParentRunner;Lorg/junit/runner/notification/RunNotifier;)V+2
j  org.junit.runners.ParentRunner$2.evaluate()V+8
j  org.junit.runners.ParentRunner.run(Lorg/junit/runner/notification/RunNotifier;)V+20
j  org.eclipse.jdt.internal.junit4.runner.JUnit4TestReference.run(Lorg/eclipse/jdt/internal/junit/runner/TestExecution;)V+72
j  org.eclipse.jdt.internal.junit.runner.TestExecution.run([Lorg/eclipse/jdt/internal/junit/runner/ITestReference;)V+17
j  org.eclipse.jdt.internal.junit.runner.RemoteTestRunner.runTests([Ljava/lang/String;Ljava/lang/String;Lorg/eclipse/jdt/internal/junit/runner/TestExecution;)V+61
j  org.eclipse.jdt.internal.junit.runner.RemoteTestRunner.runTests(Lorg/eclipse/jdt/internal/junit/runner/TestExecution;)V+10
j  org.eclipse.jdt.internal.junit.runner.RemoteTestRunner.run()V+70
j  org.eclipse.jdt.internal.junit.runner.RemoteTestRunner.main([Ljava/lang/String;)V+14
v  ~StubRoutines::call_stub

---------------  P R O C E S S  ---------------

Java Threads: ( => current thread )
  0x000000001a524800 JavaThread "ReaderThread" [_thread_in_native, id=9252, stack(0x000000001ac20000,0x000000001ad20000)]
  0x000000001987b000 JavaThread "Service Thread" daemon [_thread_blocked, id=9976, stack(0x000000001a220000,0x000000001a320000)]
  0x0000000019862000 JavaThread "C1 CompilerThread3" daemon [_thread_blocked, id=1888, stack(0x000000001a120000,0x000000001a220000)]
  0x0000000019855800 JavaThread "C2 CompilerThread2" daemon [_thread_blocked, id=7008, stack(0x000000001a020000,0x000000001a120000)]
  0x0000000019851800 JavaThread "C2 CompilerThread1" daemon [_thread_blocked, id=3968, stack(0x0000000019f20000,0x000000001a020000)]
  0x000000001984f800 JavaThread "C2 CompilerThread0" daemon [_thread_blocked, id=3444, stack(0x0000000019e20000,0x0000000019f20000)]
  0x000000001984d800 JavaThread "Attach Listener" daemon [_thread_blocked, id=5264, stack(0x0000000019d20000,0x0000000019e20000)]
  0x000000001984c800 JavaThread "Signal Dispatcher" daemon [_thread_blocked, id=2776, stack(0x0000000019c20000,0x0000000019d20000)]
  0x000000000288d000 JavaThread "Finalizer" daemon [_thread_blocked, id=2188, stack(0x0000000019720000,0x0000000019820000)]
  0x0000000002886000 JavaThread "Reference Handler" daemon [_thread_blocked, id=5780, stack(0x0000000019620000,0x0000000019720000)]
=>0x0000000002793800 JavaThread "main" [_thread_in_native, id=684, stack(0x00000000025d0000,0x00000000026d0000)]

Other Threads:
  0x0000000017829000 VMThread [stack: 0x0000000019520000,0x0000000019620000] [id=8832]
  0x000000001987d000 WatcherThread [stack: 0x000000001a320000,0x000000001a420000] [id=10440]

VM state:not at safepoint (normal execution)

VM Mutex/Monitor currently owned by a thread: None

Heap:
 PSYoungGen      total 38400K, used 19228K [0x00000000d5d80000, 0x00000000d8800000, 0x0000000100000000)
  eden space 33280K, 51% used [0x00000000d5d80000,0x00000000d6e37e88,0x00000000d7e00000)
  from space 5120K, 41% used [0x00000000d7e00000,0x00000000d800f238,0x00000000d8300000)
  to   space 5120K, 0% used [0x00000000d8300000,0x00000000d8300000,0x00000000d8800000)
 ParOldGen       total 87552K, used 8K [0x0000000081800000, 0x0000000086d80000, 0x00000000d5d80000)
  object space 87552K, 0% used [0x0000000081800000,0x0000000081802000,0x0000000086d80000)
 Metaspace       used 8272K, capacity 8544K, committed 8832K, reserved 1056768K
  class space    used 827K, capacity 850K, committed 896K, reserved 1048576K

Card table byte_map: [0x0000000011c50000,0x0000000012050000] byte_map_base: 0x0000000011844000

Marking Bits: (ParMarkBitMap*) 0x0000000055ac4040
 Begin Bits: [0x0000000012b00000, 0x0000000014aa0000)
 End Bits:   [0x0000000014aa0000, 0x0000000016a40000)

Polling page: 0x0000000000d90000

CodeCache: size=245760Kb used=3428Kb max_used=3442Kb free=242331Kb
 bounds [0x0000000002890000, 0x0000000002c00000, 0x0000000011890000]
 total_blobs=1315 nmethods=674 adapters=554
 compilation: enabled

Compilation events (10 events):
Event: 10.620 Thread 0x0000000019855800 nmethod 667 0x0000000002be69d0 code [0x0000000002be6b20, 0x0000000002be6e98]
Event: 11.485 Thread 0x0000000019862000  668   !   3       java.util.Collections$SynchronizedCollection::add (25 bytes)
Event: 11.485 Thread 0x0000000019862000 nmethod 668 0x0000000002be6350 code [0x0000000002be64c0, 0x0000000002be6868]
Event: 11.486 Thread 0x0000000019851800  669       4       java.lang.AbstractStringBuilder::ensureCapacityInternal (16 bytes)
Event: 11.486 Thread 0x0000000019862000  670       3       java.lang.ClassLoader::checkPackageAccess (122 bytes)
Event: 11.489 Thread 0x0000000019862000 nmethod 670 0x0000000002be7250 code [0x0000000002be7480, 0x0000000002be8068]
Event: 11.497 Thread 0x0000000019851800 nmethod 669 0x0000000002be8cd0 code [0x0000000002be8e20, 0x0000000002be9098]
Event: 11.506 Thread 0x000000001984f800  673       4       sun.reflect.annotation.AnnotationInvocationHandler::invoke (277 bytes)
Event: 11.506 Thread 0x0000000019862000  674   !   3       com.sun.proxy.$Proxy4::preloadpath (29 bytes)
Event: 11.507 Thread 0x0000000019862000 nmethod 674 0x0000000002beb750 code [0x0000000002beb8e0, 0x0000000002bebcb8]

GC Heap History (2 events):
Event: 5.962 GC heap before
{Heap before GC invocations=1 (full 0):
 PSYoungGen      total 38400K, used 33280K [0x00000000d5d80000, 0x00000000d8800000, 0x0000000100000000)
  eden space 33280K, 100% used [0x00000000d5d80000,0x00000000d7e00000,0x00000000d7e00000)
  from space 5120K, 0% used [0x00000000d8300000,0x00000000d8300000,0x00000000d8800000)
  to   space 5120K, 0% used [0x00000000d7e00000,0x00000000d7e00000,0x00000000d8300000)
 ParOldGen       total 87552K, used 0K [0x0000000081800000, 0x0000000086d80000, 0x00000000d5d80000)
  object space 87552K, 0% used [0x0000000081800000,0x0000000081800000,0x0000000086d80000)
 Metaspace       used 6424K, capacity 6932K, committed 7168K, reserved 1056768K
  class space    used 627K, capacity 656K, committed 768K, reserved 1048576K
Event: 5.971 GC heap after
Heap after GC invocations=1 (full 0):
 PSYoungGen      total 38400K, used 2108K [0x00000000d5d80000, 0x00000000d8800000, 0x0000000100000000)
  eden space 33280K, 0% used [0x00000000d5d80000,0x00000000d5d80000,0x00000000d7e00000)
  from space 5120K, 41% used [0x00000000d7e00000,0x00000000d800f238,0x00000000d8300000)
  to   space 5120K, 0% used [0x00000000d8300000,0x00000000d8300000,0x00000000d8800000)
 ParOldGen       total 87552K, used 8K [0x0000000081800000, 0x0000000086d80000, 0x00000000d5d80000)
  object space 87552K, 0% used [0x0000000081800000,0x0000000081802000,0x0000000086d80000)
 Metaspace       used 6424K, capacity 6932K, committed 7168K, reserved 1056768K
  class space    used 627K, capacity 656K, committed 768K, reserved 1048576K
}

Deoptimization events (5 events):
Event: 0.473 Thread 0x0000000002793800 Uncommon trap: reason=unstable_if action=reinterpret pc=0x00000000029bc738 method=java.lang.String.hashCode()I @ 14
Event: 1.136 Thread 0x0000000002793800 Uncommon trap: reason=unstable_if action=reinterpret pc=0x0000000002a26e08 method=sun.net.www.ParseUtil.encodePath(Ljava/lang/String;Z)Ljava/lang/String; @ 145
Event: 1.141 Thread 0x0000000002793800 Uncommon trap: reason=unstable_if action=reinterpret pc=0x0000000002a53a14 method=sun.misc.URLClassPath.getLoader(I)Lsun/misc/URLClassPath$Loader; @ 36
Event: 1.142 Thread 0x0000000002793800 Uncommon trap: reason=unstable_if action=reinterpret pc=0x0000000002a4a69c method=sun.misc.URLClassPath.getLoader(I)Lsun/misc/URLClassPath$Loader; @ 36
Event: 1.362 Thread 0x0000000002793800 Uncommon trap: reason=unstable_if action=reinterpret pc=0x0000000002aa4dc8 method=java.io.WinNTFileSystem.normalize(Ljava/lang/String;)Ljava/lang/String; @ 128

Internal exceptions (10 events):
Event: 0.461 Thread 0x0000000002793800 Exception <a 'java/security/PrivilegedActionException'> (0x00000000d60dbb00) thrown at [D:\re\workspace\8-2-build-windows-amd64-cygwin\jdk8u40\3098\hotspot\src\share\vm\prims\jvm.cpp, line 1382]
Event: 0.461 Thread 0x0000000002793800 Exception <a 'java/security/PrivilegedActionException'> (0x00000000d60dbcb8) thrown at [D:\re\workspace\8-2-build-windows-amd64-cygwin\jdk8u40\3098\hotspot\src\share\vm\prims\jvm.cpp, line 1382]
Event: 0.461 Thread 0x0000000002793800 Exception <a 'java/security/PrivilegedActionException'> (0x00000000d60dd0c8) thrown at [D:\re\workspace\8-2-build-windows-amd64-cygwin\jdk8u40\3098\hotspot\src\share\vm\prims\jvm.cpp, line 1382]
Event: 0.461 Thread 0x0000000002793800 Exception <a 'java/security/PrivilegedActionException'> (0x00000000d60dd280) thrown at [D:\re\workspace\8-2-build-windows-amd64-cygwin\jdk8u40\3098\hotspot\src\share\vm\prims\jvm.cpp, line 1382]
Event: 0.461 Thread 0x0000000002793800 Exception <a 'java/security/PrivilegedActionException'> (0x00000000d60de508) thrown at [D:\re\workspace\8-2-build-windows-amd64-cygwin\jdk8u40\3098\hotspot\src\share\vm\prims\jvm.cpp, line 1382]
Event: 0.461 Thread 0x0000000002793800 Exception <a 'java/security/PrivilegedActionException'> (0x00000000d60de6c0) thrown at [D:\re\workspace\8-2-build-windows-amd64-cygwin\jdk8u40\3098\hotspot\src\share\vm\prims\jvm.cpp, line 1382]
Event: 1.143 Thread 0x0000000002793800 Exception <a 'java/security/PrivilegedActionException'> (0x00000000d6955848) thrown at [D:\re\workspace\8-2-build-windows-amd64-cygwin\jdk8u40\3098\hotspot\src\share\vm\prims\jvm.cpp, line 1382]
Event: 1.143 Thread 0x0000000002793800 Exception <a 'java/security/PrivilegedActionException'> (0x00000000d6955b90) thrown at [D:\re\workspace\8-2-build-windows-amd64-cygwin\jdk8u40\3098\hotspot\src\share\vm\prims\jvm.cpp, line 1382]
Event: 1.145 Thread 0x0000000002793800 Exception <a 'java/security/PrivilegedActionException'> (0x00000000d6959c48) thrown at [D:\re\workspace\8-2-build-windows-amd64-cygwin\jdk8u40\3098\hotspot\src\share\vm\prims\jvm.cpp, line 1382]
Event: 1.145 Thread 0x0000000002793800 Exception <a 'java/security/PrivilegedActionException'> (0x00000000d6959f90) thrown at [D:\re\workspace\8-2-build-windows-amd64-cygwin\jdk8u40\3098\hotspot\src\share\vm\prims\jvm.cpp, line 1382]

Events (10 events):
Event: 11.497 loading class org/bytedeco/javacv/OpenCVFrameConverter
Event: 11.497 loading class org/bytedeco/javacv/OpenCVFrameConverter done
Event: 11.498 loading class org/bytedeco/javacv/FrameConverter
Event: 11.498 loading class org/bytedeco/javacv/FrameConverter done
Event: 11.500 loading class org/bytedeco/javacv/Frame
Event: 11.500 loading class org/bytedeco/javacv/Frame done
Event: 11.501 loading class org/bytedeco/javacpp/indexer/LongIndexer
Event: 11.501 loading class org/bytedeco/javacpp/indexer/LongIndexer done
Event: 11.508 loading class org/bytedeco/javacpp/Pointer$2
Event: 11.508 loading class org/bytedeco/javacpp/Pointer$2 done


Dynamic libraries:
0x00007ff6dedd0000 - 0x00007ff6dee07000 	C:\Program Files\Java\jdk1.8.0_40\bin\javaw.exe
0x00007ffc39b20000 - 0x00007ffc39ce1000 	C:\WINDOWS\SYSTEM32\ntdll.dll
0x00007ffc37840000 - 0x00007ffc378ed000 	C:\WINDOWS\system32\KERNEL32.DLL
0x00007ffc36d10000 - 0x00007ffc36ef8000 	C:\WINDOWS\system32\KERNELBASE.dll
0x00007ffc37150000 - 0x00007ffc371f7000 	C:\WINDOWS\system32\ADVAPI32.dll
0x00007ffc39130000 - 0x00007ffc391cd000 	C:\WINDOWS\system32\msvcrt.dll
0x00007ffc39a60000 - 0x00007ffc39abb000 	C:\WINDOWS\system32\sechost.dll
0x00007ffc36fb0000 - 0x00007ffc370cc000 	C:\WINDOWS\system32\RPCRT4.dll
0x00007ffc39790000 - 0x00007ffc398e6000 	C:\WINDOWS\system32\USER32.dll
0x00007ffc376a0000 - 0x00007ffc37826000 	C:\WINDOWS\system32\GDI32.dll
0x00007ffc2dc60000 - 0x00007ffc2ded4000 	C:\WINDOWS\WinSxS\amd64_microsoft.windows.common-controls_6595b64144ccf1df_6.0.10586.494_none_a2d8b04ea53e3145\COMCTL32.dll
0x00007ffc39510000 - 0x00007ffc3978d000 	C:\WINDOWS\system32\combase.dll
0x00007ffc36200000 - 0x00007ffc3626a000 	C:\WINDOWS\system32\bcryptPrimitives.dll
0x00007ffc394d0000 - 0x00007ffc3950b000 	C:\WINDOWS\system32\IMM32.DLL
0x00007ffc36010000 - 0x00007ffc36041000 	C:\Windows\system32\nvinitx.dll
0x00007ffc36000000 - 0x00007ffc3600a000 	C:\WINDOWS\SYSTEM32\VERSION.dll
0x0000000057da0000 - 0x0000000057da6000 	C:\Program Files\NVIDIA Corporation\CoProcManager\_etoured.dll
0x00007ffc34220000 - 0x00007ffc34252000 	C:\Program Files\NVIDIA Corporation\CoProcManager\nvd3d9wrapx.dll
0x00007ffc37200000 - 0x00007ffc37629000 	C:\WINDOWS\system32\SETUPAPI.dll
0x00007ffc361b0000 - 0x00007ffc361f3000 	C:\WINDOWS\system32\CFGMGR32.dll
0x00007ffc341e0000 - 0x00007ffc34202000 	C:\Program Files\NVIDIA Corporation\CoProcManager\nvdxgiwrapx.dll
0x0000000055b50000 - 0x0000000055c22000 	C:\Program Files\Java\jdk1.8.0_40\jre\bin\msvcr100.dll
0x00000000552c0000 - 0x0000000055b43000 	C:\Program Files\Java\jdk1.8.0_40\jre\bin\server\jvm.dll
0x00007ffc37830000 - 0x00007ffc37838000 	C:\WINDOWS\system32\PSAPI.DLL
0x00007ffc2a2e0000 - 0x00007ffc2a2e9000 	C:\WINDOWS\SYSTEM32\WSOCK32.dll
0x00007ffc34840000 - 0x00007ffc34863000 	C:\WINDOWS\SYSTEM32\WINMM.dll
0x00007ffc37630000 - 0x00007ffc3769b000 	C:\WINDOWS\system32\WS2_32.dll
0x0000000000e50000 - 0x0000000000e7c000 	C:\WINDOWS\SYSTEM32\WINMMBASE.dll
0x00000000552b0000 - 0x00000000552bf000 	C:\Program Files\Java\jdk1.8.0_40\jre\bin\verify.dll
0x0000000055280000 - 0x00000000552a9000 	C:\Program Files\Java\jdk1.8.0_40\jre\bin\java.dll
0x0000000055260000 - 0x0000000055276000 	C:\Program Files\Java\jdk1.8.0_40\jre\bin\zip.dll
0x00007ffc37a10000 - 0x00007ffc38f6c000 	C:\WINDOWS\system32\SHELL32.dll
0x00007ffc36270000 - 0x00007ffc368b5000 	C:\WINDOWS\system32\windows.storage.dll
0x00007ffc390d0000 - 0x00007ffc39122000 	C:\WINDOWS\system32\shlwapi.dll
0x00007ffc361a0000 - 0x00007ffc361af000 	C:\WINDOWS\system32\kernel.appcore.dll
0x00007ffc368c0000 - 0x00007ffc36975000 	C:\WINDOWS\system32\shcore.dll
0x00007ffc36150000 - 0x00007ffc3619b000 	C:\WINDOWS\system32\powrprof.dll
0x00007ffc36120000 - 0x00007ffc36134000 	C:\WINDOWS\system32\profapi.dll
0x0000000055230000 - 0x000000005524a000 	C:\Program Files\Java\jdk1.8.0_40\jre\bin\net.dll
0x00007ffc359a0000 - 0x00007ffc359fc000 	C:\WINDOWS\system32\mswsock.dll
0x0000000064940000 - 0x000000006495d000 	C:\Users\Vignesh\AppData\Local\Temp\javacpp18642501724686\libwinpthread-1.dll
0x0000000061440000 - 0x000000006145c000 	C:\Users\Vignesh\AppData\Local\Temp\javacpp18642501724686\libgcc_s_seh-1.dll
0x000000006fc40000 - 0x000000006fd41000 	C:\Users\Vignesh\AppData\Local\Temp\javacpp18642501724686\libstdc++-6.dll
0x0000000071140000 - 0x00000000714e8000 	C:\Users\Vignesh\AppData\Local\Temp\javacpp18642501724686\liblept-4.dll
0x0000000068340000 - 0x000000006862c000 	C:\Users\Vignesh\AppData\Local\Temp\javacpp18642501724686\jnilept.dll
0x0000000068a00000 - 0x0000000068f66000 	C:\Users\Vignesh\AppData\Local\Temp\javacpp18642501724686\libtesseract-3.dll
0x000000006a900000 - 0x000000006a988000 	C:\Users\Vignesh\AppData\Local\Temp\javacpp18642501724686\jnitesseract.dll
0x00007ffc23bc0000 - 0x00007ffc23caf000 	C:\Users\Vignesh\AppData\Local\Temp\javacpp18642501724686\msvcr120.dll
0x00007ffc23dd0000 - 0x00007ffc23e76000 	C:\Users\Vignesh\AppData\Local\Temp\javacpp18642501724686\msvcp120.dll
0x00007ffc23930000 - 0x00007ffc23bb1000 	C:\Users\Vignesh\AppData\Local\Temp\javacpp18642501724686\opencv_core300.dll
0x00007ffc0ecd0000 - 0x00007ffc0f04f000 	C:\Users\Vignesh\AppData\Local\Temp\javacpp18642501724686\opencv_imgproc300.dll
0x00007ffc1a870000 - 0x00007ffc1aa28000 	C:\Users\Vignesh\AppData\Local\Temp\javacpp18642501724686\jniopencv_core.dll
0x00007ffc17690000 - 0x00007ffc17735000 	C:\Users\Vignesh\AppData\Local\Temp\javacpp18642501724686\jniopencv_imgproc.dll
0x00007ffc0ea10000 - 0x00007ffc0ecc7000 	C:\Users\Vignesh\AppData\Local\Temp\javacpp18642501724686\opencv_imgcodecs300.dll
0x00007ffc31f20000 - 0x00007ffc31f3b000 	C:\Users\Vignesh\AppData\Local\Temp\javacpp18642501724686\jniopencv_imgcodecs.dll
0x00007ffc0e880000 - 0x00007ffc0ea0c000 	C:\WINDOWS\SYSTEM32\dbghelp.dll

VM Arguments:
jvm_args: -Dfile.encoding=Cp1252 
java_command: org.eclipse.jdt.internal.junit.runner.RemoteTestRunner -version 3 -port 56234 -testLoaderClass org.eclipse.jdt.internal.junit4.runner.JUnit4TestLoader -loaderpluginname org.eclipse.jdt.junit4.runtime -classNames BasicTesseractExampleTest
java_class_path (initial): C:\Users\Vignesh\Desktop\hackathon\BasicTesseractExample-master\target\test-classes;C:\Users\Vignesh\Desktop\hackathon\BasicTesseractExample-master\target\classes;C:\Users\Vignesh\.m2\repository\org\bytedeco\javacv\1.1\javacv-1.1.jar;C:\Users\Vignesh\.m2\repository\org\bytedeco\javacpp\1.1\javacpp-1.1.jar;C:\Users\Vignesh\.m2\repository\org\bytedeco\javacpp-presets\opencv\3.0.0-1.1\opencv-3.0.0-1.1.jar;C:\Users\Vignesh\.m2\repository\org\bytedeco\javacpp-presets\opencv\3.0.0-1.1\opencv-3.0.0-1.1-windows-x86_64.jar;C:\Users\Vignesh\.m2\repository\org\bytedeco\javacpp-presets\ffmpeg\2.8.1-1.1\ffmpeg-2.8.1-1.1.jar;C:\Users\Vignesh\.m2\repository\org\bytedeco\javacpp-presets\ffmpeg\2.8.1-1.1\ffmpeg-2.8.1-1.1-windows-x86_64.jar;C:\Users\Vignesh\.m2\repository\org\bytedeco\javacpp-presets\flycapture\2.8.3.1-1.1\flycapture-2.8.3.1-1.1.jar;C:\Users\Vignesh\.m2\repository\org\bytedeco\javacpp-presets\flycapture\2.8.3.1-1.1\flycapture-2.8.3.1-1.1-windows-x86_64.jar;C:\Users\Vignesh\.m2\repository\org\bytedeco\javacpp-presets\libdc1394\2.2.3-1.1\libdc1394-2.2.3-1.1.jar;C:\Users\Vignesh\.m2\repository\org\bytedeco\javacpp-presets\libdc1394\2.2.3-1.1\libdc1394-2.2.3-1.1-windows-x86_64.jar;C:\Users\Vignesh\.m2\repository\org\bytedeco\javacpp-presets\libfreenect\0.5.3-1.1\libfreenect-0.5.3-1.1.jar;C:\Users\Vignesh\.m2\repository\org\bytedeco\javacpp-presets\libfreenect\0.5.3-1.1\libfreenect-0.5.3-1.1-windows-x86_64.jar;C:\Users\Vignesh\.m2\repository\org\bytedeco\javacpp-presets\videoinput\0.200-1.1\videoinput-0.200-1.1.jar;C:\Users\Vignesh\.m2\repository\org\bytedeco\javacpp-presets\videoinput\0.200-1.1\videoinput-0.200-1.1-windows-x86_64.jar;C:\Users\Vignesh\.m2\repository\org\bytedeco\javacpp-presets\artoolkitplus\2.3.1-1.1\artoolkitplus-2.3.1-1.1.jar;C:\Users\Vignesh\.m2\repository\org\bytedeco\javacpp-presets\artoolkitplus\2.3.1-1.1\artoolkitplus-2.3.1-1.1-windows-x86_64.jar;C:\Users\Vignesh\.m2\repository\org\bytedeco\javacpp-presets\flandmark\1.
Launcher Type: SUN_STANDARD

Environment Variables:
JAVA_HOME=C:\Program Files\Java\jdk1.8.0_40
USERNAME=Vignesh
OS=Windows_NT
PROCESSOR_IDENTIFIER=Intel64 Family 6 Model 42 Stepping 7, GenuineIntel



---------------  S Y S T E M  ---------------

OS: Windows 10.0 , 64 bit Build 10586 (10.0.10586.0)

CPU:total 8 (4 cores per cpu, 2 threads per core) family 6 model 42 stepping 7, cmov, cx8, fxsr, mmx, sse, sse2, sse3, ssse3, sse4.1, sse4.2, popcnt, avx, aes, clmul, ht, tsc, tscinvbit

Memory: 4k page, physical 8283452k(3660012k free), swap 19817788k(12482792k free)

vm_info: Java HotSpot(TM) 64-Bit Server VM (25.40-b25) for windows-amd64 JRE (1.8.0_40-b26), built on Mar  7 2015 13:51:59 by "java_re" with MS VC++ 10.0 (VS2010)

time: Sat Jul 30 12:52:10 2016
elapsed time: 11 seconds (0d 0h 0m 11s)

