#
# A fatal error has been detected by the Java Runtime Environment:
#
#  EXCEPTION_UNCAUGHT_CXX_EXCEPTION (0xe06d7363) at pc=0x00007ffc36d81f28, pid=5944, tid=8808
#
# JRE version: Java(TM) SE Runtime Environment (7.0_45-b18) (build 1.7.0_45-b18)
# Java VM: Java HotSpot(TM) 64-Bit Server VM (24.45-b08 mixed mode windows-amd64 compressed oops)
# Problematic frame:
# C  [KERNELBASE.dll+0x71f28]
#
# Failed to write core dump. Minidumps are not enabled by default on client versions of Windows
#
# If you would like to submit a bug report, please visit:
#   http://bugreport.sun.com/bugreport/crash.jsp
# The crash happened outside the Java Virtual Machine in native code.
# See problematic frame for where to report the bug.
#

---------------  T H R E A D  ---------------

Current thread (0x0000000002873000):  JavaThread "main" [_thread_in_native, id=8808, stack(0x00000000026f0000,0x00000000027f0000)]

siginfo: ExceptionCode=0xe06d7363, ExceptionInformation=0x0000000019930520 0x00000000027de510 0x00007ffc1ab49fc0 0x00007ffc1a900000 

Registers:
RAX=0xf694c9d800000000, RBX=0x00007ffc1ab49fc0, RCX=0xab56f33b00000000, RDX=0xb874dcca7cdfdfb8
RSP=0x00000000027de380, RBP=0x00000000027de4c0, RSI=0x00007ffc1aac52c8, RDI=0x00000000027de510
R8 =0x918c75d07cc54fa8, R9 =0xade30b367cc54fa8, R10=0xc793c16d7cddd858, R11=0x815961a47ca32f38
R12=0x00000000ffffff29, R13=0x0000000000000000, R14=0x00007ffc1aac4308, R15=0x00000000027ee6b8
RIP=0x00007ffc36d81f28, EFLAGS=0x0000000000000202

Top of Stack: (sp=0x00000000027de380)
0x00000000027de380:   23767d4500000000 00007ffc1ab49fc0
0x00000000027de390:   00007ffc1aac52c8 00000000027de510
0x00000000027de3a0:   00000001e06d7363 0000000000000000
0x00000000027de3b0:   00007ffc36d81f28 0000000000000004
0x00000000027de3c0:   0000000019930520 00000000027de510
0x00000000027de3d0:   00007ffc1ab49fc0 00007ffc1a900000
0x00000000027de3e0:   00000000ffffff29 00000000027de510
0x00000000027de3f0:   00007ffc1aac52c8 00000000027de4d0
0x00000000027de400:   00000000027de4c0 00007ffc39b5782f
0x00000000027de410:   0000000000000000 00007ffc00000000
0x00000000027de420:   00000000027de510 00007ffc239ed306
0x00000000027de430:   00007ffc1ab69000 00007ffc1a900000
0x00000000027de440:   0000316157cc1fa9 00007ffc23a6c4d0
0x00000000027de450:   00007ffc1ab49fc0 00007ffc239eef63
0x00000000027de460:   00000000027de510 00007ffc239beb8d
0x00000000027de470:   00007ffc23a6c4d0 00007ffc1aac52c8 

Instructions: (pc=0x00007ffc36d81f28)
0x00007ffc36d81f08:   49 8b d1 44 0f 47 c0 44 89 44 24 38 49 c1 e0 03
0x00007ffc36d81f18:   e8 27 b2 00 00 48 8d 4c 24 20 ff 15 c8 a7 05 00
0x00007ffc36d81f28:   48 8b 8c 24 c0 00 00 00 48 33 cc e8 98 7a 00 00
0x00007ffc36d81f38:   48 81 c4 d8 00 00 00 c3 83 64 24 38 00 eb d6 cc 


Register to memory mapping:

RAX=0xf694c9d800000000 is an unknown value
RBX=0x00007ffc1ab49fc0 is an unknown value
RCX=0xab56f33b00000000 is an unknown value
RDX=0xb874dcca7cdfdfb8 is an unknown value
RSP=0x00000000027de380 is pointing into the stack for thread: 0x0000000002873000
RBP=0x00000000027de4c0 is pointing into the stack for thread: 0x0000000002873000
RSI=0x00007ffc1aac52c8 is an unknown value
RDI=0x00000000027de510 is pointing into the stack for thread: 0x0000000002873000
R8 =0x918c75d07cc54fa8 is an unknown value
R9 =0xade30b367cc54fa8 is an unknown value
R10=0xc793c16d7cddd858 is an unknown value
R11=0x815961a47ca32f38 is an unknown value
R12=0x00000000ffffff29 is an unknown value
R13=0x0000000000000000 is an unknown value
R14=0x00007ffc1aac4308 is an unknown value
R15=0x00000000027ee6b8 is pointing into the stack for thread: 0x0000000002873000


Stack: [0x00000000026f0000,0x00000000027f0000],  sp=0x00000000027de380,  free space=952k
Native frames: (J=compiled Java code, j=interpreted, Vv=VM code, C=native code)
C  [KERNELBASE.dll+0x71f28]

Java frames: (J=compiled Java code, j=interpreted, Vv=VM code)
j  org.bytedeco.javacpp.opencv_core.cvSetImageROI(Lorg/bytedeco/javacpp/opencv_core$IplImage;Lorg/bytedeco/javacpp/opencv_core$CvRect;)V+0
j  BasicTesseractExampleTest.cropImage(Lorg/bytedeco/javacpp/opencv_core$IplImage;IIII)Lorg/bytedeco/javacpp/opencv_core$IplImage;+10
j  BasicTesseractExampleTest.applyPerspectiveTransformThresholdOnOriginalImage(Lorg/bytedeco/javacpp/opencv_core$IplImage;Lorg/bytedeco/javacpp/opencv_core$CvSeq;I)Lorg/bytedeco/javacpp/opencv_core$IplImage;+387
j  BasicTesseractExampleTest.givenTessBaseApi_whenImageOcrd_thenTextDisplayed()V+99
v  ~StubRoutines::call_stub
j  sun.reflect.NativeMethodAccessorImpl.invoke0(Ljava/lang/reflect/Method;Ljava/lang/Object;[Ljava/lang/Object;)Ljava/lang/Object;+0
j  sun.reflect.NativeMethodAccessorImpl.invoke(Ljava/lang/Object;[Ljava/lang/Object;)Ljava/lang/Object;+87
j  sun.reflect.DelegatingMethodAccessorImpl.invoke(Ljava/lang/Object;[Ljava/lang/Object;)Ljava/lang/Object;+6
j  java.lang.reflect.Method.invoke(Ljava/lang/Object;[Ljava/lang/Object;)Ljava/lang/Object;+57
j  org.junit.runners.model.FrameworkMethod$1.runReflectiveCall()Ljava/lang/Object;+15
j  org.junit.internal.runners.model.ReflectiveCallable.run()Ljava/lang/Object;+1
j  org.junit.runners.model.FrameworkMethod.invokeExplosively(Ljava/lang/Object;[Ljava/lang/Object;)Ljava/lang/Object;+10
j  org.junit.internal.runners.statements.InvokeMethod.evaluate()V+12
j  org.junit.runners.ParentRunner.runLeaf(Lorg/junit/runners/model/Statement;Lorg/junit/runner/Description;Lorg/junit/runner/notification/RunNotifier;)V+17
j  org.junit.runners.BlockJUnit4ClassRunner.runChild(Lorg/junit/runners/model/FrameworkMethod;Lorg/junit/runner/notification/RunNotifier;)V+32
j  org.junit.runners.BlockJUnit4ClassRunner.runChild(Ljava/lang/Object;Lorg/junit/runner/notification/RunNotifier;)V+6
j  org.junit.runners.ParentRunner$3.run()V+12
j  org.junit.runners.ParentRunner$1.schedule(Ljava/lang/Runnable;)V+1
j  org.junit.runners.ParentRunner.runChildren(Lorg/junit/runner/notification/RunNotifier;)V+40
j  org.junit.runners.ParentRunner.access$000(Lorg/junit/runners/ParentRunner;Lorg/junit/runner/notification/RunNotifier;)V+2
j  org.junit.runners.ParentRunner$2.evaluate()V+8
j  org.junit.runners.ParentRunner.run(Lorg/junit/runner/notification/RunNotifier;)V+20
j  org.eclipse.jdt.internal.junit4.runner.JUnit4TestReference.run(Lorg/eclipse/jdt/internal/junit/runner/TestExecution;)V+72
j  org.eclipse.jdt.internal.junit.runner.TestExecution.run([Lorg/eclipse/jdt/internal/junit/runner/ITestReference;)V+17
j  org.eclipse.jdt.internal.junit.runner.RemoteTestRunner.runTests([Ljava/lang/String;Ljava/lang/String;Lorg/eclipse/jdt/internal/junit/runner/TestExecution;)V+61
j  org.eclipse.jdt.internal.junit.runner.RemoteTestRunner.runTests(Lorg/eclipse/jdt/internal/junit/runner/TestExecution;)V+10
j  org.eclipse.jdt.internal.junit.runner.RemoteTestRunner.run()V+70
j  org.eclipse.jdt.internal.junit.runner.RemoteTestRunner.main([Ljava/lang/String;)V+14
v  ~StubRoutines::call_stub

---------------  P R O C E S S  ---------------

Java Threads: ( => current thread )
  0x000000000d379800 JavaThread "ReaderThread" [_thread_in_native, id=4688, stack(0x000000000e2c0000,0x000000000e3c0000)]
  0x0000000002969800 JavaThread "Service Thread" daemon [_thread_blocked, id=1240, stack(0x000000000d8c0000,0x000000000d9c0000)]
  0x0000000002965000 JavaThread "C2 CompilerThread1" daemon [_thread_blocked, id=7676, stack(0x000000000d7c0000,0x000000000d8c0000)]
  0x0000000002963000 JavaThread "C2 CompilerThread0" daemon [_thread_blocked, id=8456, stack(0x000000000d6c0000,0x000000000d7c0000)]
  0x0000000002962800 JavaThread "Attach Listener" daemon [_thread_blocked, id=11052, stack(0x000000000d5c0000,0x000000000d6c0000)]
  0x000000000295d800 JavaThread "Signal Dispatcher" daemon [_thread_blocked, id=10792, stack(0x000000000d4c0000,0x000000000d5c0000)]
  0x000000000b0e1800 JavaThread "Finalizer" daemon [_thread_blocked, id=4616, stack(0x000000000cfc0000,0x000000000d0c0000)]
  0x000000000b0d9000 JavaThread "Reference Handler" daemon [_thread_blocked, id=4472, stack(0x000000000cec0000,0x000000000cfc0000)]
=>0x0000000002873000 JavaThread "main" [_thread_in_native, id=8808, stack(0x00000000026f0000,0x00000000027f0000)]

Other Threads:
  0x000000000b0d5000 VMThread [stack: 0x000000000cdc0000,0x000000000cec0000] [id=11960]
  0x000000000296e000 WatcherThread [stack: 0x000000000d9c0000,0x000000000dac0000] [id=6744]

VM state:not at safepoint (normal execution)

VM Mutex/Monitor currently owned by a thread: None

Heap
 PSYoungGen      total 38400K, used 19782K [0x00000007d5d00000, 0x00000007d8780000, 0x0000000800000000)
  eden space 33280K, 53% used [0x00000007d5d00000,0x00000007d6e66d68,0x00000007d7d80000)
  from space 5120K, 38% used [0x00000007d7d80000,0x00000007d7f6ac40,0x00000007d8280000)
  to   space 5120K, 0% used [0x00000007d8280000,0x00000007d8280000,0x00000007d8780000)
 ParOldGen       total 86016K, used 8K [0x0000000781800000, 0x0000000786c00000, 0x00000007d5d00000)
  object space 86016K, 0% used [0x0000000781800000,0x0000000781802000,0x0000000786c00000)
 PSPermGen       total 21504K, used 8580K [0x000000077c600000, 0x000000077db00000, 0x0000000781800000)
  object space 21504K, 39% used [0x000000077c600000,0x000000077ce61338,0x000000077db00000)

Card table byte_map: [0x0000000005a30000,0x0000000005e50000] byte_map_base: 0x0000000001e4d000

Polling page: 0x0000000000f30000

Code Cache  [0x0000000002970000, 0x0000000002be0000, 0x0000000005970000)
 total_blobs=690 nmethods=103 adapters=539 free_code_cache=48303Kb largest_free_block=49446336

Compilation events (10 events):
Event: 11.208 Thread 0x0000000002965000   98             java.net.URL::getPath (5 bytes)
Event: 11.209 Thread 0x0000000002965000 nmethod 98 0x0000000002a3b410 code [0x0000000002a3b540, 0x0000000002a3b5b8]
Event: 11.219 Thread 0x0000000002963000   99             java.net.URL::getAuthority (5 bytes)
Event: 11.220 Thread 0x0000000002963000 nmethod 99 0x0000000002a3e810 code [0x0000000002a3e940, 0x0000000002a3e9b8]
Event: 11.294 Thread 0x0000000002965000  100             java.net.URL::getRef (5 bytes)
Event: 11.295 Thread 0x0000000002965000 nmethod 100 0x0000000002a3ea10 code [0x0000000002a3eb40, 0x0000000002a3ebb8]
Event: 11.448 Thread 0x0000000002963000  101   !         sun.reflect.generics.parser.SignatureParser::current (40 bytes)
Event: 11.450 Thread 0x0000000002963000 nmethod 101 0x0000000002a3c890 code [0x0000000002a3c9c0, 0x0000000002a3ca58]
Event: 11.512 Thread 0x0000000002965000  102             java.util.ArrayList::indexOf (67 bytes)
Event: 11.528 Thread 0x0000000002965000 nmethod 102 0x0000000002a479d0 code [0x0000000002a47b20, 0x0000000002a480b8]

GC Heap History (2 events):
Event: 6.930 GC heap before
{Heap before GC invocations=1 (full 0):
 PSYoungGen      total 38400K, used 33280K [0x00000007d5d00000, 0x00000007d8780000, 0x0000000800000000)
  eden space 33280K, 100% used [0x00000007d5d00000,0x00000007d7d80000,0x00000007d7d80000)
  from space 5120K, 0% used [0x00000007d8280000,0x00000007d8280000,0x00000007d8780000)
  to   space 5120K, 0% used [0x00000007d7d80000,0x00000007d7d80000,0x00000007d8280000)
 ParOldGen       total 86016K, used 0K [0x0000000781800000, 0x0000000786c00000, 0x00000007d5d00000)
  object space 86016K, 0% used [0x0000000781800000,0x0000000781800000,0x0000000786c00000)
 PSPermGen       total 21504K, used 6473K [0x000000077c600000, 0x000000077db00000, 0x0000000781800000)
  object space 21504K, 30% used [0x000000077c600000,0x000000077cc52648,0x000000077db00000)
Event: 6.942 GC heap after
Heap after GC invocations=1 (full 0):
 PSYoungGen      total 38400K, used 1963K [0x00000007d5d00000, 0x00000007d8780000, 0x0000000800000000)
  eden space 33280K, 0% used [0x00000007d5d00000,0x00000007d5d00000,0x00000007d7d80000)
  from space 5120K, 38% used [0x00000007d7d80000,0x00000007d7f6ac40,0x00000007d8280000)
  to   space 5120K, 0% used [0x00000007d8280000,0x00000007d8280000,0x00000007d8780000)
 ParOldGen       total 86016K, used 8K [0x0000000781800000, 0x0000000786c00000, 0x00000007d5d00000)
  object space 86016K, 0% used [0x0000000781800000,0x0000000781802000,0x0000000786c00000)
 PSPermGen       total 21504K, used 6473K [0x000000077c600000, 0x000000077db00000, 0x0000000781800000)
  object space 21504K, 30% used [0x000000077c600000,0x000000077cc52648,0x000000077db00000)
}

Deoptimization events (6 events):
Event: 1.384 Thread 0x0000000002873000 Uncommon trap: reason=unreached action=reinterpret pc=0x00000000029e661c method=java.net.URL.<init>(Ljava/net/URL;Ljava/lang/String;Ljava/net/URLStreamHandler;)V @ 228
Event: 1.414 Thread 0x0000000002873000 Uncommon trap: reason=class_check action=maybe_recompile pc=0x00000000029dd24c method=java.lang.String.equals(Ljava/lang/Object;)Z @ 8
Event: 1.415 Thread 0x0000000002873000 Uncommon trap: reason=class_check action=maybe_recompile pc=0x00000000029dd24c method=java.lang.String.equals(Ljava/lang/Object;)Z @ 8
Event: 1.415 Thread 0x0000000002873000 Uncommon trap: reason=class_check action=maybe_recompile pc=0x00000000029dd24c method=java.lang.String.equals(Ljava/lang/Object;)Z @ 8
Event: 8.153 Thread 0x0000000002873000 Uncommon trap: reason=predicate action=maybe_recompile pc=0x0000000002a23744 method=java.util.ArrayList.indexOf(Ljava/lang/Object;)I @ 44
Event: 8.175 Thread 0x0000000002873000 Uncommon trap: reason=unreached action=reinterpret pc=0x0000000002a21218 method=sun.misc.URLClassPath$JarLoader.findResource(Ljava/lang/String;Z)Ljava/net/URL; @ 8

Internal exceptions (10 events):
Event: 11.775 Thread 0x0000000002873000 Threw 0x00000007d6d1b2a0 at C:\re\jdk7u45\229\hotspot\src\share\vm\prims\jvm.cpp:1244
Event: 12.728 Thread 0x0000000002873000 Threw 0x00000007d6d635f0 at C:\re\jdk7u45\229\hotspot\src\share\vm\prims\jvm.cpp:1244
Event: 12.731 Thread 0x0000000002873000 Threw 0x00000007d6d74fa0 at C:\re\jdk7u45\229\hotspot\src\share\vm\prims\jvm.cpp:1244
Event: 12.733 Thread 0x0000000002873000 Threw 0x00000007d6d7bd90 at C:\re\jdk7u45\229\hotspot\src\share\vm\prims\jvm.cpp:1244
Event: 12.736 Thread 0x0000000002873000 Threw 0x00000007d6d7f868 at C:\re\jdk7u45\229\hotspot\src\share\vm\prims\jvm.cpp:1244
Event: 12.739 Thread 0x0000000002873000 Threw 0x00000007d6d88ec0 at C:\re\jdk7u45\229\hotspot\src\share\vm\prims\jvm.cpp:1244
Event: 12.747 Thread 0x0000000002873000 Threw 0x00000007d6d96be8 at C:\re\jdk7u45\229\hotspot\src\share\vm\prims\jvm.cpp:1244
Event: 12.796 Thread 0x0000000002873000 Threw 0x00000007d6dac380 at C:\re\jdk7u45\229\hotspot\src\share\vm\prims\jvm.cpp:1244
Event: 12.873 Thread 0x0000000002873000 Threw 0x00000007d6e00660 at C:\re\jdk7u45\229\hotspot\src\share\vm\prims\jvm.cpp:1244
Event: 12.875 Thread 0x0000000002873000 Threw 0x00000007d6e06ac8 at C:\re\jdk7u45\229\hotspot\src\share\vm\prims\jvm.cpp:1244

Events (10 events):
Event: 12.796 loading class 0x000000000d126060
Event: 12.796 loading class 0x000000000d126060 done
Event: 12.872 loading class 0x000000000d439c80
Event: 12.872 loading class 0x000000000d439c80 done
Event: 12.875 loading class 0x000000000d43a8b0
Event: 12.875 loading class 0x000000000d43a8b0 done
Event: 12.885 loading class 0x00000000028c2e50
Event: 12.886 loading class 0x00000000028c2e50 done
Event: 12.886 loading class 0x00000000028e4be0
Event: 12.886 loading class 0x00000000028e4be0 done


Dynamic libraries:
0x00007ff7c3850000 - 0x00007ff7c3883000 	C:\Program Files\Java\jdk1.7.0_45\bin\javaw.exe
0x00007ffc39b20000 - 0x00007ffc39ce1000 	C:\WINDOWS\SYSTEM32\ntdll.dll
0x00007ffc37840000 - 0x00007ffc378ed000 	C:\WINDOWS\system32\KERNEL32.DLL
0x00007ffc36d10000 - 0x00007ffc36ef8000 	C:\WINDOWS\system32\KERNELBASE.dll
0x00007ffc37150000 - 0x00007ffc371f7000 	C:\WINDOWS\system32\ADVAPI32.dll
0x00007ffc39130000 - 0x00007ffc391cd000 	C:\WINDOWS\system32\msvcrt.dll
0x00007ffc39a60000 - 0x00007ffc39abb000 	C:\WINDOWS\system32\sechost.dll
0x00007ffc36fb0000 - 0x00007ffc370cc000 	C:\WINDOWS\system32\RPCRT4.dll
0x00007ffc39790000 - 0x00007ffc398e6000 	C:\WINDOWS\system32\USER32.dll
0x00007ffc376a0000 - 0x00007ffc37826000 	C:\WINDOWS\system32\GDI32.dll
0x00007ffc2dc60000 - 0x00007ffc2ded4000 	C:\WINDOWS\WinSxS\amd64_microsoft.windows.common-controls_6595b64144ccf1df_6.0.10586.494_none_a2d8b04ea53e3145\COMCTL32.dll
0x00007ffc39510000 - 0x00007ffc3978d000 	C:\WINDOWS\system32\combase.dll
0x00007ffc36200000 - 0x00007ffc3626a000 	C:\WINDOWS\system32\bcryptPrimitives.dll
0x00007ffc394d0000 - 0x00007ffc3950b000 	C:\WINDOWS\system32\IMM32.DLL
0x00007ffc36010000 - 0x00007ffc36041000 	C:\Windows\system32\nvinitx.dll
0x00007ffc36000000 - 0x00007ffc3600a000 	C:\WINDOWS\SYSTEM32\VERSION.dll
0x0000000057da0000 - 0x0000000057da6000 	C:\Program Files\NVIDIA Corporation\CoProcManager\_etoured.dll
0x00007ffc34220000 - 0x00007ffc34252000 	C:\Program Files\NVIDIA Corporation\CoProcManager\nvd3d9wrapx.dll
0x00007ffc37200000 - 0x00007ffc37629000 	C:\WINDOWS\system32\SETUPAPI.dll
0x00007ffc361b0000 - 0x00007ffc361f3000 	C:\WINDOWS\system32\CFGMGR32.dll
0x00007ffc341e0000 - 0x00007ffc34202000 	C:\Program Files\NVIDIA Corporation\CoProcManager\nvdxgiwrapx.dll
0x0000000055b50000 - 0x0000000055c22000 	C:\Program Files\Java\jdk1.7.0_45\jre\bin\msvcr100.dll
0x0000000055380000 - 0x0000000055b49000 	C:\Program Files\Java\jdk1.7.0_45\jre\bin\server\jvm.dll
0x00007ffc37830000 - 0x00007ffc37838000 	C:\WINDOWS\system32\PSAPI.DLL
0x00007ffc34840000 - 0x00007ffc34863000 	C:\WINDOWS\SYSTEM32\WINMM.dll
0x00007ffc2a2e0000 - 0x00007ffc2a2e9000 	C:\WINDOWS\SYSTEM32\WSOCK32.dll
0x00007ffc37630000 - 0x00007ffc3769b000 	C:\WINDOWS\system32\WS2_32.dll
0x00007ffc347e0000 - 0x00007ffc3480c000 	C:\WINDOWS\SYSTEM32\WINMMBASE.dll
0x00000000568c0000 - 0x00000000568cf000 	C:\Program Files\Java\jdk1.7.0_45\jre\bin\verify.dll
0x0000000056890000 - 0x00000000568b8000 	C:\Program Files\Java\jdk1.7.0_45\jre\bin\java.dll
0x0000000056870000 - 0x0000000056885000 	C:\Program Files\Java\jdk1.7.0_45\jre\bin\zip.dll
0x0000000056850000 - 0x0000000056869000 	C:\Program Files\Java\jdk1.7.0_45\jre\bin\net.dll
0x00007ffc359a0000 - 0x00007ffc359fc000 	C:\WINDOWS\system32\mswsock.dll
0x0000000064940000 - 0x000000006495d000 	C:\Users\Vignesh\AppData\Local\Temp\javacpp33123845793341\libwinpthread-1.dll
0x0000000061440000 - 0x000000006145c000 	C:\Users\Vignesh\AppData\Local\Temp\javacpp33123845793341\libgcc_s_seh-1.dll
0x000000006fc40000 - 0x000000006fd41000 	C:\Users\Vignesh\AppData\Local\Temp\javacpp33123845793341\libstdc++-6.dll
0x0000000071140000 - 0x00000000714e8000 	C:\Users\Vignesh\AppData\Local\Temp\javacpp33123845793341\liblept-4.dll
0x0000000068340000 - 0x000000006862c000 	C:\Users\Vignesh\AppData\Local\Temp\javacpp33123845793341\jnilept.dll
0x0000000068a00000 - 0x0000000068f66000 	C:\Users\Vignesh\AppData\Local\Temp\javacpp33123845793341\libtesseract-3.dll
0x000000006a900000 - 0x000000006a988000 	C:\Users\Vignesh\AppData\Local\Temp\javacpp33123845793341\jnitesseract.dll
0x00007ffc23990000 - 0x00007ffc23a7f000 	C:\Users\Vignesh\AppData\Local\Temp\javacpp33123845793341\msvcr120.dll
0x00007ffc23dd0000 - 0x00007ffc23e76000 	C:\Users\Vignesh\AppData\Local\Temp\javacpp33123845793341\msvcp120.dll
0x00007ffc1a900000 - 0x00007ffc1ab81000 	C:\Users\Vignesh\AppData\Local\Temp\javacpp33123845793341\opencv_core300.dll
0x00007ffc0ef10000 - 0x00007ffc0f28f000 	C:\Users\Vignesh\AppData\Local\Temp\javacpp33123845793341\opencv_imgproc300.dll
0x00007ffc17730000 - 0x00007ffc178e8000 	C:\Users\Vignesh\AppData\Local\Temp\javacpp33123845793341\jniopencv_core.dll
0x00007ffc238e0000 - 0x00007ffc23985000 	C:\Users\Vignesh\AppData\Local\Temp\javacpp33123845793341\jniopencv_imgproc.dll
0x00007ffc0ec50000 - 0x00007ffc0ef07000 	C:\Users\Vignesh\AppData\Local\Temp\javacpp33123845793341\opencv_imgcodecs300.dll
0x00007ffc31c90000 - 0x00007ffc31cab000 	C:\Users\Vignesh\AppData\Local\Temp\javacpp33123845793341\jniopencv_imgcodecs.dll
0x00007ffc361a0000 - 0x00007ffc361af000 	C:\WINDOWS\system32\kernel.appcore.dll
0x00007ffc0eac0000 - 0x00007ffc0ec4c000 	C:\WINDOWS\SYSTEM32\dbghelp.dll

VM Arguments:
jvm_args: -Dfile.encoding=Cp1252 
java_command: org.eclipse.jdt.internal.junit.runner.RemoteTestRunner -version 3 -port 60837 -testLoaderClass org.eclipse.jdt.internal.junit4.runner.JUnit4TestLoader -loaderpluginname org.eclipse.jdt.junit4.runtime -classNames BasicTesseractExampleTest
Launcher Type: SUN_STANDARD

Environment Variables:
JAVA_HOME=C:\Program Files\Java\jdk1.8.0_40
USERNAME=Vignesh
OS=Windows_NT
PROCESSOR_IDENTIFIER=Intel64 Family 6 Model 42 Stepping 7, GenuineIntel



---------------  S Y S T E M  ---------------

OS: Windows 8 , 64 bit Build 9200 

CPU:total 8 (4 cores per cpu, 2 threads per core) family 6 model 42 stepping 7, cmov, cx8, fxsr, mmx, sse, sse2, sse3, ssse3, sse4.1, sse4.2, popcnt, avx, aes, ht, tsc, tscinvbit

Memory: 4k page, physical 8283452k(3136948k free), swap 19817788k(12095164k free)

vm_info: Java HotSpot(TM) 64-Bit Server VM (24.45-b08) for windows-amd64 JRE (1.7.0_45-b18), built on Oct  8 2013 05:47:22 by "java_re" with unknown MS VC++:1600

time: Sat Jul 30 16:53:41 2016
elapsed time: 13 seconds

